<?xml version="1.0" encoding="utf-8"?>
<CoverageSession>
  <Summary numSequencePoints="1545" visitedSequencePoints="508" numBranchPoints="1545" visitedBranchPoints="508" sequenceCoverage="0.329" branchCoverage="0.329" maxCyclomaticComplexity="0" minCyclomaticComplexity="0" visitedClasses="18" numClasses="50" visitedMethods="60" numMethods="146" />
  <Modules>
    <Module hash="D4FED017-661B-489C-9FA7-72FDCAE5721D">
      <ModulePath>/home/aw/the-project-game/Player/Player.Tests/bin/Debug/netcoreapp2.0/Player.dll</ModulePath>
      <ModuleTime>2018-06-12T12:45:56</ModuleTime>
      <ModuleName>Player</ModuleName>
      <Files>
        <File uid="1" fullPath="/home/aw/the-project-game/Player/Player/ActionExecutor.cs" />
        <File uid="2" fullPath="/home/aw/the-project-game/Player/Player/Communicator.cs" />
        <File uid="3" fullPath="/home/aw/the-project-game/Player/Player/ConfigFileReader.cs" />
        <File uid="4" fullPath="/home/aw/the-project-game/Player/Player/GameService.cs" />
        <File uid="5" fullPath="/home/aw/the-project-game/Player/Player/LoggerInitializer.cs" />
        <File uid="6" fullPath="/home/aw/the-project-game/Player/Player/MapperInitializer.cs" />
        <File uid="7" fullPath="/home/aw/the-project-game/Player/Player/MessageProvider.cs" />
        <File uid="8" fullPath="/home/aw/the-project-game/Player/Player/Player.cs" />
        <File uid="9" fullPath="/home/aw/the-project-game/Player/Player/PlayerConfig.cs" />
        <File uid="10" fullPath="/home/aw/the-project-game/Player/Player/PlayerState.cs" />
        <File uid="11" fullPath="/home/aw/the-project-game/Player/Player/Program.cs" />
        <File uid="12" fullPath="/home/aw/the-project-game/Player/Player/Strategy/AbstractStrategy.cs" />
        <File uid="13" fullPath="/home/aw/the-project-game/Player/Player/Strategy/BlockerStrategy.cs" />
        <File uid="14" fullPath="/home/aw/the-project-game/Player/Player/Strategy/SectorStrategy.cs" />
        <File uid="15" fullPath="/home/aw/the-project-game/Player/Player/Strategy/TrivialStrategy.cs" />
        <File uid="16" fullPath="/home/aw/the-project-game/Player/Player/Messages/Responses/ActionInvalidPayload.cs" />
        <File uid="17" fullPath="/home/aw/the-project-game/Player/Player/Messages/Responses/ActionValidPayload.cs" />
        <File uid="18" fullPath="/home/aw/the-project-game/Player/Player/Messages/Responses/CommunicationResponsePayload.cs" />
        <File uid="19" fullPath="/home/aw/the-project-game/Player/Player/Messages/Responses/DeletePieceResponsePayload.cs" />
        <File uid="20" fullPath="/home/aw/the-project-game/Player/Player/Messages/Responses/DiscoveryResponsePayload.cs" />
        <File uid="21" fullPath="/home/aw/the-project-game/Player/Player/Messages/Responses/GameFinishedPayload.cs" />
        <File uid="22" fullPath="/home/aw/the-project-game/Player/Player/Messages/Responses/GameStartedPayload.cs" />
        <File uid="23" fullPath="/home/aw/the-project-game/Player/Player/Messages/Responses/ListGamesResponsePayload.cs" />
        <File uid="24" fullPath="/home/aw/the-project-game/Player/Player/Messages/Responses/MoveResponsePayload.cs" />
        <File uid="25" fullPath="/home/aw/the-project-game/Player/Player/Messages/Responses/PickUpPieceResponsePayload.cs" />
        <File uid="26" fullPath="/home/aw/the-project-game/Player/Player/Messages/Responses/PlaceDownPieceResponsePayload.cs" />
        <File uid="27" fullPath="/home/aw/the-project-game/Player/Player/Messages/Responses/PlayerAcceptedPayload.cs" />
        <File uid="28" fullPath="/home/aw/the-project-game/Player/Player/Messages/Responses/PlayerRejectedPayload.cs" />
        <File uid="29" fullPath="/home/aw/the-project-game/Player/Player/Messages/Responses/RefreshStateResponsePayload.cs" />
        <File uid="30" fullPath="/home/aw/the-project-game/Player/Player/Messages/Responses/RequestSentPayload.cs" />
        <File uid="31" fullPath="/home/aw/the-project-game/Player/Player/Messages/Responses/ResponseSentPayload.cs" />
        <File uid="32" fullPath="/home/aw/the-project-game/Player/Player/Messages/Responses/TestPieceResponsePayload.cs" />
        <File uid="33" fullPath="/home/aw/the-project-game/Player/Player/Messages/Requests/CommunicationPayload.cs" />
        <File uid="34" fullPath="/home/aw/the-project-game/Player/Player/Messages/Requests/DeletePiecePayload.cs" />
        <File uid="35" fullPath="/home/aw/the-project-game/Player/Player/Messages/Requests/DiscoveryPayload.cs" />
        <File uid="36" fullPath="/home/aw/the-project-game/Player/Player/Messages/Requests/ListGamesPayload.cs" />
        <File uid="37" fullPath="/home/aw/the-project-game/Player/Player/Messages/Requests/MovePayload.cs" />
        <File uid="38" fullPath="/home/aw/the-project-game/Player/Player/Messages/Requests/PickUpPiecePayload.cs" />
        <File uid="39" fullPath="/home/aw/the-project-game/Player/Player/Messages/Requests/PlaceDownPiecePayload.cs" />
        <File uid="40" fullPath="/home/aw/the-project-game/Player/Player/Messages/Requests/PlayerHelloPayload.cs" />
        <File uid="41" fullPath="/home/aw/the-project-game/Player/Player/Messages/Requests/RefreshStatePayload.cs" />
        <File uid="42" fullPath="/home/aw/the-project-game/Player/Player/Messages/Requests/TestPiecePayload.cs" />
        <File uid="43" fullPath="/home/aw/the-project-game/Player/Player/GameObjects/Board.cs" />
        <File uid="44" fullPath="/home/aw/the-project-game/Player/Player/GameObjects/BoardSize.cs" />
        <File uid="45" fullPath="/home/aw/the-project-game/Player/Player/GameObjects/GameInfo.cs" />
        <File uid="46" fullPath="/home/aw/the-project-game/Player/Player/GameObjects/Tile.cs" />
        <File uid="47" fullPath="/home/aw/the-project-game/Player/Player/Common/Dijkstra.cs" />
      </Files>
      <Classes>
        <Class>
          <Summary numSequencePoints="264" visitedSequencePoints="183" numBranchPoints="82" visitedBranchPoints="60" sequenceCoverage="0.693" branchCoverage="0.732" maxCyclomaticComplexity="0" minCyclomaticComplexity="0" visitedClasses="1" numClasses="1" visitedMethods="8" numMethods="14" />
          <FullName>Player.ActionExecutor</FullName>
          <Methods>
            <Method cyclomaticComplexity="0" nPathComplexity="0" sequenceCoverage="0" branchCoverage="0" isConstructor="False" isGetter="False" isSetter="False" isStatic="True">
              <Summary numSequencePoints="26" visitedSequencePoints="0" numBranchPoints="8" visitedBranchPoints="0" sequenceCoverage="0" branchCoverage="0" maxCyclomaticComplexity="0" minCyclomaticComplexity="0" visitedClasses="0" numClasses="0" visitedMethods="0" numMethods="1" />
              <MetadataToken />
              <Name>System.Boolean Player.ActionExecutor::AcceptCommunication(System.String)</Name>
              <FileRef uid="1" />
              <SequencePoints>
                <SequencePoint vc="0" upsid="27" ordinal="0" sl="27" sc="1" el="27" ec="2" bec="0" bev="0" fileid="1" />
                <SequencePoint vc="0" upsid="28" ordinal="1" sl="28" sc="1" el="28" ec="2" bec="0" bev="0" fileid="1" />
                <SequencePoint vc="0" upsid="30" ordinal="2" sl="30" sc="1" el="30" ec="2" bec="0" bev="0" fileid="1" />
                <SequencePoint vc="0" upsid="31" ordinal="3" sl="31" sc="1" el="31" ec="2" bec="0" bev="0" fileid="1" />
                <SequencePoint vc="0" upsid="32" ordinal="4" sl="32" sc="1" el="32" ec="2" bec="0" bev="0" fileid="1" />
                <SequencePoint vc="0" upsid="33" ordinal="5" sl="33" sc="1" el="33" ec="2" bec="0" bev="0" fileid="1" />
                <SequencePoint vc="0" upsid="34" ordinal="6" sl="34" sc="1" el="34" ec="2" bec="0" bev="0" fileid="1" />
                <SequencePoint vc="0" upsid="35" ordinal="7" sl="35" sc="1" el="35" ec="2" bec="0" bev="0" fileid="1" />
                <SequencePoint vc="0" upsid="36" ordinal="8" sl="36" sc="1" el="36" ec="2" bec="0" bev="0" fileid="1" />
                <SequencePoint vc="0" upsid="37" ordinal="9" sl="37" sc="1" el="37" ec="2" bec="0" bev="0" fileid="1" />
                <SequencePoint vc="0" upsid="39" ordinal="10" sl="39" sc="1" el="39" ec="2" bec="0" bev="0" fileid="1" />
                <SequencePoint vc="0" upsid="40" ordinal="11" sl="40" sc="1" el="40" ec="2" bec="0" bev="0" fileid="1" />
                <SequencePoint vc="0" upsid="41" ordinal="12" sl="41" sc="1" el="41" ec="2" bec="0" bev="0" fileid="1" />
                <SequencePoint vc="0" upsid="42" ordinal="13" sl="42" sc="1" el="42" ec="2" bec="0" bev="0" fileid="1" />
                <SequencePoint vc="0" upsid="43" ordinal="14" sl="43" sc="1" el="43" ec="2" bec="0" bev="0" fileid="1" />
                <SequencePoint vc="0" upsid="44" ordinal="15" sl="44" sc="1" el="44" ec="2" bec="0" bev="0" fileid="1" />
                <SequencePoint vc="0" upsid="45" ordinal="16" sl="45" sc="1" el="45" ec="2" bec="0" bev="0" fileid="1" />
                <SequencePoint vc="0" upsid="46" ordinal="17" sl="46" sc="1" el="46" ec="2" bec="0" bev="0" fileid="1" />
                <SequencePoint vc="0" upsid="47" ordinal="18" sl="47" sc="1" el="47" ec="2" bec="0" bev="0" fileid="1" />
                <SequencePoint vc="0" upsid="48" ordinal="19" sl="48" sc="1" el="48" ec="2" bec="0" bev="0" fileid="1" />
                <SequencePoint vc="0" upsid="49" ordinal="20" sl="49" sc="1" el="49" ec="2" bec="0" bev="0" fileid="1" />
                <SequencePoint vc="0" upsid="50" ordinal="21" sl="50" sc="1" el="50" ec="2" bec="0" bev="0" fileid="1" />
                <SequencePoint vc="0" upsid="51" ordinal="22" sl="51" sc="1" el="51" ec="2" bec="0" bev="0" fileid="1" />
                <SequencePoint vc="0" upsid="52" ordinal="23" sl="52" sc="1" el="52" ec="2" bec="0" bev="0" fileid="1" />
                <SequencePoint vc="0" upsid="53" ordinal="24" sl="53" sc="1" el="53" ec="2" bec="0" bev="0" fileid="1" />
                <SequencePoint vc="0" upsid="54" ordinal="25" sl="54" sc="1" el="54" ec="2" bec="0" bev="0" fileid="1" />
              </SequencePoints>
              <BranchPoints>
                <BranchPoint vc="0" upsid="30" ordinal="5" path="1" offset="113" offsetend="11" sl="30" fileid="1" />
                <BranchPoint vc="0" upsid="30" ordinal="4" path="0" offset="113" offsetend="115" sl="30" fileid="1" />
                <BranchPoint vc="0" upsid="34" ordinal="0" path="0" offset="44" offsetend="46" sl="34" fileid="1" />
                <BranchPoint vc="0" upsid="34" ordinal="1" path="1" offset="44" offsetend="57" sl="34" fileid="1" />
                <BranchPoint vc="0" upsid="34" ordinal="2" path="0" offset="62" offsetend="64" sl="34" fileid="1" />
                <BranchPoint vc="0" upsid="34" ordinal="3" path="1" offset="62" offsetend="72" sl="34" fileid="1" />
                <BranchPoint vc="0" upsid="50" ordinal="6" path="0" offset="205" offsetend="207" sl="50" fileid="1" />
                <BranchPoint vc="0" upsid="50" ordinal="7" path="1" offset="205" offsetend="213" sl="50" fileid="1" />
              </BranchPoints>
              <MethodPoint vc="0" upsid="0" p8:type="SequencePoint" ordinal="0" offset="0" sc="0" sl="27" ec="1" el="54" bec="0" bev="0" fileid="1" xmlns:p8="xsi" />
            </Method>
            <Method cyclomaticComplexity="0" nPathComplexity="0" sequenceCoverage="1" branchCoverage="1" isConstructor="False" isGetter="False" isSetter="False" isStatic="True">
              <Summary numSequencePoints="13" visitedSequencePoints="13" numBranchPoints="2" visitedBranchPoints="2" sequenceCoverage="1" branchCoverage="1" maxCyclomaticComplexity="0" minCyclomaticComplexity="0" visitedClasses="0" numClasses="0" visitedMethods="1" numMethods="1" />
              <MetadataToken />
              <Name>System.Boolean Player.ActionExecutor::DeletePiece()</Name>
              <FileRef uid="1" />
              <SequencePoints>
                <SequencePoint vc="2" upsid="57" ordinal="0" sl="57" sc="1" el="57" ec="2" bec="0" bev="0" fileid="1" />
                <SequencePoint vc="2" upsid="58" ordinal="1" sl="58" sc="1" el="58" ec="2" bec="0" bev="0" fileid="1" />
                <SequencePoint vc="2" upsid="59" ordinal="2" sl="59" sc="1" el="59" ec="2" bec="0" bev="0" fileid="1" />
                <SequencePoint vc="2" upsid="60" ordinal="3" sl="60" sc="1" el="60" ec="2" bec="0" bev="0" fileid="1" />
                <SequencePoint vc="2" upsid="61" ordinal="4" sl="61" sc="1" el="61" ec="2" bec="0" bev="0" fileid="1" />
                <SequencePoint vc="2" upsid="62" ordinal="5" sl="62" sc="1" el="62" ec="2" bec="0" bev="0" fileid="1" />
                <SequencePoint vc="2" upsid="63" ordinal="6" sl="63" sc="1" el="63" ec="2" bec="0" bev="0" fileid="1" />
                <SequencePoint vc="4" upsid="64" ordinal="7" sl="64" sc="1" el="64" ec="2" bec="0" bev="0" fileid="1" />
                <SequencePoint vc="1" upsid="65" ordinal="8" sl="65" sc="1" el="65" ec="2" bec="0" bev="0" fileid="1" />
                <SequencePoint vc="1" upsid="67" ordinal="9" sl="67" sc="1" el="67" ec="2" bec="0" bev="0" fileid="1" />
                <SequencePoint vc="1" upsid="68" ordinal="10" sl="68" sc="1" el="68" ec="2" bec="0" bev="0" fileid="1" />
                <SequencePoint vc="1" upsid="70" ordinal="11" sl="70" sc="1" el="70" ec="2" bec="0" bev="0" fileid="1" />
                <SequencePoint vc="2" upsid="71" ordinal="12" sl="71" sc="1" el="71" ec="2" bec="0" bev="0" fileid="1" />
              </SequencePoints>
              <BranchPoints>
                <BranchPoint vc="1" upsid="64" ordinal="0" path="0" offset="68" offsetend="70" sl="64" fileid="1" />
                <BranchPoint vc="1" upsid="64" ordinal="1" path="1" offset="68" offsetend="75" sl="64" fileid="1" />
              </BranchPoints>
              <MethodPoint vc="13" upsid="0" p8:type="SequencePoint" ordinal="1" offset="1" sc="0" sl="57" ec="1" el="71" bec="0" bev="0" fileid="1" xmlns:p8="xsi" />
            </Method>
            <Method cyclomaticComplexity="0" nPathComplexity="0" sequenceCoverage="0.962" branchCoverage="0.9" isConstructor="False" isGetter="False" isSetter="False" isStatic="True">
              <Summary numSequencePoints="26" visitedSequencePoints="25" numBranchPoints="10" visitedBranchPoints="9" sequenceCoverage="0.962" branchCoverage="0.9" maxCyclomaticComplexity="0" minCyclomaticComplexity="0" visitedClasses="0" numClasses="0" visitedMethods="1" numMethods="1" />
              <MetadataToken />
              <Name>System.Boolean Player.ActionExecutor::Discover()</Name>
              <FileRef uid="1" />
              <SequencePoints>
                <SequencePoint vc="6" upsid="74" ordinal="0" sl="74" sc="1" el="74" ec="2" bec="0" bev="0" fileid="1" />
                <SequencePoint vc="6" upsid="75" ordinal="1" sl="75" sc="1" el="75" ec="2" bec="0" bev="0" fileid="1" />
                <SequencePoint vc="6" upsid="76" ordinal="2" sl="76" sc="1" el="76" ec="2" bec="0" bev="0" fileid="1" />
                <SequencePoint vc="6" upsid="77" ordinal="3" sl="77" sc="1" el="77" ec="2" bec="0" bev="0" fileid="1" />
                <SequencePoint vc="6" upsid="78" ordinal="4" sl="78" sc="1" el="78" ec="2" bec="0" bev="0" fileid="1" />
                <SequencePoint vc="6" upsid="79" ordinal="5" sl="79" sc="1" el="79" ec="2" bec="0" bev="0" fileid="1" />
                <SequencePoint vc="6" upsid="80" ordinal="6" sl="80" sc="1" el="80" ec="2" bec="0" bev="0" fileid="1" />
                <SequencePoint vc="6" upsid="81" ordinal="7" sl="81" sc="1" el="81" ec="2" bec="0" bev="0" fileid="1" />
                <SequencePoint vc="8" upsid="82" ordinal="8" sl="82" sc="1" el="82" ec="2" bec="0" bev="0" fileid="1" />
                <SequencePoint vc="4" upsid="83" ordinal="9" sl="83" sc="1" el="83" ec="2" bec="0" bev="0" fileid="1" />
                <SequencePoint vc="2" upsid="85" ordinal="10" sl="85" sc="1" el="85" ec="2" bec="0" bev="0" fileid="1" />
                <SequencePoint vc="1" upsid="86" ordinal="11" sl="86" sc="1" el="86" ec="2" bec="0" bev="0" fileid="1" />
                <SequencePoint vc="1" upsid="88" ordinal="12" sl="88" sc="1" el="88" ec="2" bec="0" bev="0" fileid="1" />
                <SequencePoint vc="0" upsid="89" ordinal="13" sl="89" sc="1" el="89" ec="2" bec="0" bev="0" fileid="1" />
                <SequencePoint vc="9" upsid="91" ordinal="14" sl="91" sc="1" el="91" ec="2" bec="0" bev="0" fileid="1" />
                <SequencePoint vc="3" upsid="92" ordinal="15" sl="92" sc="1" el="92" ec="2" bec="0" bev="0" fileid="1" />
                <SequencePoint vc="3" upsid="93" ordinal="16" sl="93" sc="1" el="93" ec="2" bec="0" bev="0" fileid="1" />
                <SequencePoint vc="3" upsid="94" ordinal="17" sl="94" sc="1" el="94" ec="2" bec="0" bev="0" fileid="1" />
                <SequencePoint vc="3" upsid="95" ordinal="18" sl="95" sc="1" el="95" ec="2" bec="0" bev="0" fileid="1" />
                <SequencePoint vc="1" upsid="96" ordinal="19" sl="96" sc="1" el="96" ec="2" bec="0" bev="0" fileid="1" />
                <SequencePoint vc="1" upsid="97" ordinal="20" sl="97" sc="1" el="97" ec="2" bec="0" bev="0" fileid="1" />
                <SequencePoint vc="1" upsid="98" ordinal="21" sl="98" sc="1" el="98" ec="2" bec="0" bev="0" fileid="1" />
                <SequencePoint vc="3" upsid="99" ordinal="22" sl="99" sc="1" el="99" ec="2" bec="0" bev="0" fileid="1" />
                <SequencePoint vc="1" upsid="100" ordinal="23" sl="100" sc="1" el="100" ec="2" bec="0" bev="0" fileid="1" />
                <SequencePoint vc="1" upsid="101" ordinal="24" sl="101" sc="1" el="101" ec="2" bec="0" bev="0" fileid="1" />
                <SequencePoint vc="2" upsid="102" ordinal="25" sl="102" sc="1" el="102" ec="2" bec="0" bev="0" fileid="1" />
              </SequencePoints>
              <BranchPoints>
                <BranchPoint vc="1" upsid="82" ordinal="0" path="0" offset="79" offsetend="81" sl="82" fileid="1" />
                <BranchPoint vc="15" upsid="82" ordinal="1" path="1" offset="79" offsetend="89" sl="82" fileid="1" />
                <BranchPoint vc="1" upsid="85" ordinal="2" path="0" offset="112" offsetend="114" sl="85" fileid="1" />
                <BranchPoint vc="1" upsid="85" ordinal="3" path="1" offset="112" offsetend="120" sl="85" fileid="1" />
                <BranchPoint vc="0" upsid="88" ordinal="4" path="0" offset="138" offsetend="140" sl="88" fileid="1" />
                <BranchPoint vc="1" upsid="88" ordinal="5" path="1" offset="138" offsetend="146" sl="88" fileid="1" />
                <BranchPoint vc="7" upsid="91" ordinal="9" path="1" offset="327" offsetend="170" sl="91" fileid="1" />
                <BranchPoint vc="1" upsid="91" ordinal="8" path="0" offset="327" offsetend="332" sl="91" fileid="1" />
                <BranchPoint vc="1" upsid="95" ordinal="6" path="0" offset="275" offsetend="277" sl="95" fileid="1" />
                <BranchPoint vc="7" upsid="95" ordinal="7" path="1" offset="275" offsetend="319" sl="95" fileid="1" />
              </BranchPoints>
              <MethodPoint vc="25" upsid="0" p8:type="SequencePoint" ordinal="2" offset="2" sc="0" sl="74" ec="1" el="102" bec="0" bev="0" fileid="1" xmlns:p8="xsi" />
            </Method>
            <Method cyclomaticComplexity="0" nPathComplexity="0" sequenceCoverage="0.75" branchCoverage="0" isConstructor="False" isGetter="False" isSetter="False" isStatic="True">
              <Summary numSequencePoints="12" visitedSequencePoints="9" numBranchPoints="0" visitedBranchPoints="0" sequenceCoverage="0.75" branchCoverage="0" maxCyclomaticComplexity="0" minCyclomaticComplexity="0" visitedClasses="0" numClasses="0" visitedMethods="1" numMethods="1" />
              <MetadataToken />
              <Name>System.Boolean Player.ActionExecutor::GetActionStatus()</Name>
              <FileRef uid="1" />
              <SequencePoints>
                <SequencePoint vc="31" upsid="105" ordinal="0" sl="105" sc="1" el="105" ec="2" bec="0" bev="0" fileid="1" />
                <SequencePoint vc="31" upsid="107" ordinal="1" sl="107" sc="1" el="107" ec="2" bec="0" bev="0" fileid="1" />
                <SequencePoint vc="31" upsid="108" ordinal="2" sl="108" sc="1" el="108" ec="2" bec="0" bev="0" fileid="1" />
                <SequencePoint vc="23" upsid="109" ordinal="3" sl="109" sc="1" el="109" ec="2" bec="0" bev="0" fileid="1" />
                <SequencePoint vc="7" upsid="111" ordinal="4" sl="111" sc="1" el="111" ec="2" bec="0" bev="0" fileid="1" />
                <SequencePoint vc="7" upsid="112" ordinal="5" sl="112" sc="1" el="112" ec="2" bec="0" bev="0" fileid="1" />
                <SequencePoint vc="7" upsid="113" ordinal="6" sl="113" sc="1" el="113" ec="2" bec="0" bev="0" fileid="1" />
                <SequencePoint vc="7" upsid="114" ordinal="7" sl="114" sc="1" el="114" ec="2" bec="0" bev="0" fileid="1" />
                <SequencePoint vc="0" upsid="116" ordinal="8" sl="116" sc="1" el="116" ec="2" bec="0" bev="0" fileid="1" />
                <SequencePoint vc="0" upsid="117" ordinal="9" sl="117" sc="1" el="117" ec="2" bec="0" bev="0" fileid="1" />
                <SequencePoint vc="0" upsid="118" ordinal="10" sl="118" sc="1" el="118" ec="2" bec="0" bev="0" fileid="1" />
                <SequencePoint vc="30" upsid="120" ordinal="11" sl="120" sc="1" el="120" ec="2" bec="0" bev="0" fileid="1" />
              </SequencePoints>
              <BranchPoints />
              <MethodPoint vc="9" upsid="0" p8:type="SequencePoint" ordinal="3" offset="3" sc="0" sl="105" ec="1" el="120" bec="0" bev="0" fileid="1" xmlns:p8="xsi" />
            </Method>
            <Method cyclomaticComplexity="0" nPathComplexity="0" sequenceCoverage="0" branchCoverage="0" isConstructor="False" isGetter="False" isSetter="False" isStatic="True">
              <Summary numSequencePoints="5" visitedSequencePoints="0" numBranchPoints="2" visitedBranchPoints="0" sequenceCoverage="0" branchCoverage="0" maxCyclomaticComplexity="0" minCyclomaticComplexity="0" visitedClasses="0" numClasses="0" visitedMethods="0" numMethods="1" />
              <MetadataToken />
              <Name>System.Boolean Player.ActionExecutor::IsInGoalArea(System.Int32)</Name>
              <FileRef uid="1" />
              <SequencePoints>
                <SequencePoint vc="0" upsid="123" ordinal="0" sl="123" sc="1" el="123" ec="2" bec="0" bev="0" fileid="1" />
                <SequencePoint vc="0" upsid="124" ordinal="1" sl="124" sc="1" el="124" ec="2" bec="0" bev="0" fileid="1" />
                <SequencePoint vc="0" upsid="125" ordinal="2" sl="125" sc="1" el="125" ec="2" bec="0" bev="0" fileid="1" />
                <SequencePoint vc="0" upsid="126" ordinal="3" sl="126" sc="1" el="126" ec="2" bec="0" bev="0" fileid="1" />
                <SequencePoint vc="0" upsid="127" ordinal="4" sl="127" sc="1" el="127" ec="2" bec="0" bev="0" fileid="1" />
              </SequencePoints>
              <BranchPoints>
                <BranchPoint vc="0" upsid="124" ordinal="0" path="0" offset="22" offsetend="24" sl="124" fileid="1" />
                <BranchPoint vc="0" upsid="124" ordinal="1" path="1" offset="22" offsetend="65" sl="124" fileid="1" />
              </BranchPoints>
              <MethodPoint vc="0" upsid="0" p8:type="SequencePoint" ordinal="4" offset="4" sc="0" sl="123" ec="1" el="127" bec="0" bev="0" fileid="1" xmlns:p8="xsi" />
            </Method>
            <Method cyclomaticComplexity="0" nPathComplexity="0" sequenceCoverage="1" branchCoverage="1" isConstructor="False" isGetter="False" isSetter="False" isStatic="True">
              <Summary numSequencePoints="36" visitedSequencePoints="36" numBranchPoints="12" visitedBranchPoints="12" sequenceCoverage="1" branchCoverage="1" maxCyclomaticComplexity="0" minCyclomaticComplexity="0" visitedClasses="0" numClasses="0" visitedMethods="1" numMethods="1" />
              <MetadataToken />
              <Name>System.Boolean Player.ActionExecutor::Move(System.String)</Name>
              <FileRef uid="1" />
              <SequencePoints>
                <SequencePoint vc="8" upsid="130" ordinal="0" sl="130" sc="1" el="130" ec="2" bec="0" bev="0" fileid="1" />
                <SequencePoint vc="8" upsid="131" ordinal="1" sl="131" sc="1" el="131" ec="2" bec="0" bev="0" fileid="1" />
                <SequencePoint vc="8" upsid="132" ordinal="2" sl="132" sc="1" el="132" ec="2" bec="0" bev="0" fileid="1" />
                <SequencePoint vc="8" upsid="133" ordinal="3" sl="133" sc="1" el="133" ec="2" bec="0" bev="0" fileid="1" />
                <SequencePoint vc="4" upsid="136" ordinal="4" sl="136" sc="1" el="136" ec="2" bec="0" bev="0" fileid="1" />
                <SequencePoint vc="4" upsid="137" ordinal="5" sl="137" sc="1" el="137" ec="2" bec="0" bev="0" fileid="1" />
                <SequencePoint vc="1" upsid="139" ordinal="6" sl="139" sc="1" el="139" ec="2" bec="0" bev="0" fileid="1" />
                <SequencePoint vc="1" upsid="140" ordinal="7" sl="140" sc="1" el="140" ec="2" bec="0" bev="0" fileid="1" />
                <SequencePoint vc="1" upsid="142" ordinal="8" sl="142" sc="1" el="142" ec="2" bec="0" bev="0" fileid="1" />
                <SequencePoint vc="1" upsid="143" ordinal="9" sl="143" sc="1" el="143" ec="2" bec="0" bev="0" fileid="1" />
                <SequencePoint vc="1" upsid="145" ordinal="10" sl="145" sc="1" el="145" ec="2" bec="0" bev="0" fileid="1" />
                <SequencePoint vc="1" upsid="146" ordinal="11" sl="146" sc="1" el="146" ec="2" bec="0" bev="0" fileid="1" />
                <SequencePoint vc="1" upsid="148" ordinal="12" sl="148" sc="1" el="148" ec="2" bec="0" bev="0" fileid="1" />
                <SequencePoint vc="7" upsid="150" ordinal="13" sl="150" sc="1" el="150" ec="2" bec="0" bev="0" fileid="1" />
                <SequencePoint vc="7" upsid="151" ordinal="14" sl="151" sc="1" el="151" ec="2" bec="0" bev="0" fileid="1" />
                <SequencePoint vc="7" upsid="152" ordinal="15" sl="152" sc="1" el="152" ec="2" bec="0" bev="0" fileid="1" />
                <SequencePoint vc="7" upsid="153" ordinal="16" sl="153" sc="1" el="153" ec="2" bec="0" bev="0" fileid="1" />
                <SequencePoint vc="7" upsid="154" ordinal="17" sl="154" sc="1" el="154" ec="2" bec="0" bev="0" fileid="1" />
                <SequencePoint vc="7" upsid="155" ordinal="18" sl="155" sc="1" el="155" ec="2" bec="0" bev="0" fileid="1" />
                <SequencePoint vc="7" upsid="156" ordinal="19" sl="156" sc="1" el="156" ec="2" bec="0" bev="0" fileid="1" />
                <SequencePoint vc="7" upsid="157" ordinal="20" sl="157" sc="1" el="157" ec="2" bec="0" bev="0" fileid="1" />
                <SequencePoint vc="7" upsid="158" ordinal="21" sl="158" sc="1" el="158" ec="2" bec="0" bev="0" fileid="1" />
                <SequencePoint vc="7" upsid="159" ordinal="22" sl="159" sc="1" el="159" ec="2" bec="0" bev="0" fileid="1" />
                <SequencePoint vc="9" upsid="160" ordinal="23" sl="160" sc="1" el="160" ec="2" bec="0" bev="0" fileid="1" />
                <SequencePoint vc="6" upsid="161" ordinal="24" sl="161" sc="1" el="161" ec="2" bec="0" bev="0" fileid="1" />
                <SequencePoint vc="6" upsid="162" ordinal="25" sl="162" sc="1" el="162" ec="2" bec="0" bev="0" fileid="1" />
                <SequencePoint vc="5" upsid="164" ordinal="26" sl="164" sc="1" el="164" ec="2" bec="0" bev="0" fileid="1" />
                <SequencePoint vc="1" upsid="165" ordinal="27" sl="165" sc="1" el="165" ec="2" bec="0" bev="0" fileid="1" />
                <SequencePoint vc="4" upsid="167" ordinal="28" sl="167" sc="1" el="167" ec="2" bec="0" bev="0" fileid="1" />
                <SequencePoint vc="4" upsid="168" ordinal="29" sl="168" sc="1" el="168" ec="2" bec="0" bev="0" fileid="1" />
                <SequencePoint vc="4" upsid="169" ordinal="30" sl="169" sc="1" el="169" ec="2" bec="0" bev="0" fileid="1" />
                <SequencePoint vc="4" upsid="170" ordinal="31" sl="170" sc="1" el="170" ec="2" bec="0" bev="0" fileid="1" />
                <SequencePoint vc="4" upsid="171" ordinal="32" sl="171" sc="1" el="171" ec="2" bec="0" bev="0" fileid="1" />
                <SequencePoint vc="4" upsid="172" ordinal="33" sl="172" sc="1" el="172" ec="2" bec="0" bev="0" fileid="1" />
                <SequencePoint vc="4" upsid="173" ordinal="34" sl="173" sc="1" el="173" ec="2" bec="0" bev="0" fileid="1" />
                <SequencePoint vc="6" upsid="174" ordinal="35" sl="174" sc="1" el="174" ec="2" bec="0" bev="0" fileid="1" />
              </SequencePoints>
              <BranchPoints>
                <BranchPoint vc="15" upsid="133" ordinal="0" path="0" offset="40" offsetend="42" sl="133" fileid="1" />
                <BranchPoint vc="7" upsid="133" ordinal="2" path="0" offset="54" offsetend="56" sl="133" fileid="1" />
                <BranchPoint vc="3" upsid="133" ordinal="4" path="0" offset="68" offsetend="70" sl="133" fileid="1" />
                <BranchPoint vc="15" upsid="133" ordinal="1" path="1" offset="40" offsetend="86" sl="133" fileid="1" />
                <BranchPoint vc="1" upsid="133" ordinal="3" path="1" offset="54" offsetend="92" sl="133" fileid="1" />
                <BranchPoint vc="1" upsid="133" ordinal="5" path="1" offset="68" offsetend="98" sl="133" fileid="1" />
                <BranchPoint vc="1" upsid="133" ordinal="7" path="1" offset="82" offsetend="104" sl="133" fileid="1" />
                <BranchPoint vc="1" upsid="133" ordinal="6" path="0" offset="82" offsetend="110" sl="133" fileid="1" />
                <BranchPoint vc="1" upsid="160" ordinal="8" path="0" offset="220" offsetend="222" sl="160" fileid="1" />
                <BranchPoint vc="63" upsid="160" ordinal="9" path="1" offset="220" offsetend="231" sl="160" fileid="1" />
                <BranchPoint vc="1" upsid="164" ordinal="10" path="0" offset="273" offsetend="275" sl="164" fileid="1" />
                <BranchPoint vc="15" upsid="164" ordinal="11" path="1" offset="273" offsetend="281" sl="164" fileid="1" />
              </BranchPoints>
              <MethodPoint vc="36" upsid="0" p8:type="SequencePoint" ordinal="5" offset="5" sc="0" sl="130" ec="1" el="174" bec="0" bev="0" fileid="1" xmlns:p8="xsi" />
            </Method>
            <Method cyclomaticComplexity="0" nPathComplexity="0" sequenceCoverage="1" branchCoverage="1" isConstructor="False" isGetter="False" isSetter="False" isStatic="True">
              <Summary numSequencePoints="15" visitedSequencePoints="15" numBranchPoints="2" visitedBranchPoints="2" sequenceCoverage="1" branchCoverage="1" maxCyclomaticComplexity="0" minCyclomaticComplexity="0" visitedClasses="0" numClasses="0" visitedMethods="1" numMethods="1" />
              <MetadataToken />
              <Name>System.Boolean Player.ActionExecutor::PickUpPiece()</Name>
              <FileRef uid="1" />
              <SequencePoints>
                <SequencePoint vc="2" upsid="177" ordinal="0" sl="177" sc="1" el="177" ec="2" bec="0" bev="0" fileid="1" />
                <SequencePoint vc="2" upsid="178" ordinal="1" sl="178" sc="1" el="178" ec="2" bec="0" bev="0" fileid="1" />
                <SequencePoint vc="2" upsid="179" ordinal="2" sl="179" sc="1" el="179" ec="2" bec="0" bev="0" fileid="1" />
                <SequencePoint vc="2" upsid="180" ordinal="3" sl="180" sc="1" el="180" ec="2" bec="0" bev="0" fileid="1" />
                <SequencePoint vc="2" upsid="181" ordinal="4" sl="181" sc="1" el="181" ec="2" bec="0" bev="0" fileid="1" />
                <SequencePoint vc="2" upsid="182" ordinal="5" sl="182" sc="1" el="182" ec="2" bec="0" bev="0" fileid="1" />
                <SequencePoint vc="2" upsid="183" ordinal="6" sl="183" sc="1" el="183" ec="2" bec="0" bev="0" fileid="1" />
                <SequencePoint vc="4" upsid="184" ordinal="7" sl="184" sc="1" el="184" ec="2" bec="0" bev="0" fileid="1" />
                <SequencePoint vc="1" upsid="185" ordinal="8" sl="185" sc="1" el="185" ec="2" bec="0" bev="0" fileid="1" />
                <SequencePoint vc="1" upsid="187" ordinal="9" sl="187" sc="1" el="187" ec="2" bec="0" bev="0" fileid="1" />
                <SequencePoint vc="1" upsid="188" ordinal="10" sl="188" sc="1" el="188" ec="2" bec="0" bev="0" fileid="1" />
                <SequencePoint vc="1" upsid="189" ordinal="11" sl="189" sc="1" el="189" ec="2" bec="0" bev="0" fileid="1" />
                <SequencePoint vc="1" upsid="191" ordinal="12" sl="191" sc="1" el="191" ec="2" bec="0" bev="0" fileid="1" />
                <SequencePoint vc="1" upsid="192" ordinal="13" sl="192" sc="1" el="192" ec="2" bec="0" bev="0" fileid="1" />
                <SequencePoint vc="2" upsid="193" ordinal="14" sl="193" sc="1" el="193" ec="2" bec="0" bev="0" fileid="1" />
              </SequencePoints>
              <BranchPoints>
                <BranchPoint vc="1" upsid="184" ordinal="0" path="0" offset="68" offsetend="70" sl="184" fileid="1" />
                <BranchPoint vc="1" upsid="184" ordinal="1" path="1" offset="68" offsetend="78" sl="184" fileid="1" />
              </BranchPoints>
              <MethodPoint vc="15" upsid="0" p8:type="SequencePoint" ordinal="6" offset="6" sc="0" sl="177" ec="1" el="193" bec="0" bev="0" fileid="1" xmlns:p8="xsi" />
            </Method>
            <Method cyclomaticComplexity="0" nPathComplexity="0" sequenceCoverage="1" branchCoverage="1" isConstructor="False" isGetter="False" isSetter="False" isStatic="True">
              <Summary numSequencePoints="35" visitedSequencePoints="35" numBranchPoints="14" visitedBranchPoints="14" sequenceCoverage="1" branchCoverage="1" maxCyclomaticComplexity="0" minCyclomaticComplexity="0" visitedClasses="0" numClasses="0" visitedMethods="1" numMethods="1" />
              <MetadataToken />
              <Name>System.ValueTuple`2&lt;System.Boolean,Player.Common.PlaceDownPieceResult&gt; Player.ActionExecutor::PlaceDownPiece()</Name>
              <FileRef uid="1" />
              <SequencePoints>
                <SequencePoint vc="6" upsid="196" ordinal="0" sl="196" sc="1" el="196" ec="2" bec="0" bev="0" fileid="1" />
                <SequencePoint vc="6" upsid="197" ordinal="1" sl="197" sc="1" el="197" ec="2" bec="0" bev="0" fileid="1" />
                <SequencePoint vc="6" upsid="198" ordinal="2" sl="198" sc="1" el="198" ec="2" bec="0" bev="0" fileid="1" />
                <SequencePoint vc="6" upsid="199" ordinal="3" sl="199" sc="1" el="199" ec="2" bec="0" bev="0" fileid="1" />
                <SequencePoint vc="6" upsid="200" ordinal="4" sl="200" sc="1" el="200" ec="2" bec="0" bev="0" fileid="1" />
                <SequencePoint vc="6" upsid="201" ordinal="5" sl="201" sc="1" el="201" ec="2" bec="0" bev="0" fileid="1" />
                <SequencePoint vc="6" upsid="202" ordinal="6" sl="202" sc="1" el="202" ec="2" bec="0" bev="0" fileid="1" />
                <SequencePoint vc="8" upsid="203" ordinal="7" sl="203" sc="1" el="203" ec="2" bec="0" bev="0" fileid="1" />
                <SequencePoint vc="5" upsid="204" ordinal="8" sl="204" sc="1" el="204" ec="2" bec="0" bev="0" fileid="1" />
                <SequencePoint vc="5" upsid="206" ordinal="9" sl="206" sc="1" el="206" ec="2" bec="0" bev="0" fileid="1" />
                <SequencePoint vc="1" upsid="207" ordinal="10" sl="207" sc="1" el="207" ec="2" bec="0" bev="0" fileid="1" />
                <SequencePoint vc="4" upsid="209" ordinal="11" sl="209" sc="1" el="209" ec="2" bec="0" bev="0" fileid="1" />
                <SequencePoint vc="4" upsid="210" ordinal="12" sl="210" sc="1" el="210" ec="2" bec="0" bev="0" fileid="1" />
                <SequencePoint vc="4" upsid="211" ordinal="13" sl="211" sc="1" el="211" ec="2" bec="0" bev="0" fileid="1" />
                <SequencePoint vc="4" upsid="213" ordinal="14" sl="213" sc="1" el="213" ec="2" bec="0" bev="0" fileid="1" />
                <SequencePoint vc="4" upsid="214" ordinal="15" sl="214" sc="1" el="214" ec="2" bec="0" bev="0" fileid="1" />
                <SequencePoint vc="4" upsid="215" ordinal="16" sl="215" sc="1" el="215" ec="2" bec="0" bev="0" fileid="1" />
                <SequencePoint vc="1" upsid="216" ordinal="17" sl="216" sc="1" el="216" ec="2" bec="0" bev="0" fileid="1" />
                <SequencePoint vc="1" upsid="217" ordinal="18" sl="217" sc="1" el="217" ec="2" bec="0" bev="0" fileid="1" />
                <SequencePoint vc="1" upsid="218" ordinal="19" sl="218" sc="1" el="218" ec="2" bec="0" bev="0" fileid="1" />
                <SequencePoint vc="3" upsid="220" ordinal="20" sl="220" sc="1" el="220" ec="2" bec="0" bev="0" fileid="1" />
                <SequencePoint vc="1" upsid="221" ordinal="21" sl="221" sc="1" el="221" ec="2" bec="0" bev="0" fileid="1" />
                <SequencePoint vc="1" upsid="222" ordinal="22" sl="222" sc="1" el="222" ec="2" bec="0" bev="0" fileid="1" />
                <SequencePoint vc="1" upsid="223" ordinal="23" sl="223" sc="1" el="223" ec="2" bec="0" bev="0" fileid="1" />
                <SequencePoint vc="1" upsid="224" ordinal="24" sl="224" sc="1" el="224" ec="2" bec="0" bev="0" fileid="1" />
                <SequencePoint vc="2" upsid="226" ordinal="25" sl="226" sc="1" el="226" ec="2" bec="0" bev="0" fileid="1" />
                <SequencePoint vc="1" upsid="227" ordinal="26" sl="227" sc="1" el="227" ec="2" bec="0" bev="0" fileid="1" />
                <SequencePoint vc="1" upsid="228" ordinal="27" sl="228" sc="1" el="228" ec="2" bec="0" bev="0" fileid="1" />
                <SequencePoint vc="1" upsid="229" ordinal="28" sl="229" sc="1" el="229" ec="2" bec="0" bev="0" fileid="1" />
                <SequencePoint vc="1" upsid="230" ordinal="29" sl="230" sc="1" el="230" ec="2" bec="0" bev="0" fileid="1" />
                <SequencePoint vc="1" upsid="233" ordinal="30" sl="233" sc="1" el="233" ec="2" bec="0" bev="0" fileid="1" />
                <SequencePoint vc="1" upsid="234" ordinal="31" sl="234" sc="1" el="234" ec="2" bec="0" bev="0" fileid="1" />
                <SequencePoint vc="1" upsid="235" ordinal="32" sl="235" sc="1" el="235" ec="2" bec="0" bev="0" fileid="1" />
                <SequencePoint vc="1" upsid="236" ordinal="33" sl="236" sc="1" el="236" ec="2" bec="0" bev="0" fileid="1" />
                <SequencePoint vc="5" upsid="238" ordinal="34" sl="238" sc="1" el="238" ec="2" bec="0" bev="0" fileid="1" />
              </SequencePoints>
              <BranchPoints>
                <BranchPoint vc="1" upsid="203" ordinal="0" path="0" offset="68" offsetend="70" sl="203" fileid="1" />
                <BranchPoint vc="31" upsid="203" ordinal="1" path="1" offset="68" offsetend="84" sl="203" fileid="1" />
                <BranchPoint vc="1" upsid="206" ordinal="2" path="0" offset="109" offsetend="111" sl="206" fileid="1" />
                <BranchPoint vc="15" upsid="206" ordinal="3" path="1" offset="109" offsetend="117" sl="206" fileid="1" />
                <BranchPoint vc="3" upsid="213" ordinal="4" path="0" offset="201" offsetend="203" sl="213" fileid="1" />
                <BranchPoint vc="1" upsid="213" ordinal="6" path="0" offset="235" offsetend="237" sl="213" fileid="1" />
                <BranchPoint vc="1" upsid="213" ordinal="7" path="1" offset="235" offsetend="298" sl="213" fileid="1" />
                <BranchPoint vc="3" upsid="213" ordinal="5" path="1" offset="201" offsetend="301" sl="213" fileid="1" />
                <BranchPoint vc="1" upsid="213" ordinal="8" path="0" offset="306" offsetend="308" sl="213" fileid="1" />
                <BranchPoint vc="7" upsid="213" ordinal="9" path="1" offset="306" offsetend="338" sl="213" fileid="1" />
                <BranchPoint vc="1" upsid="220" ordinal="10" path="0" offset="361" offsetend="363" sl="220" fileid="1" />
                <BranchPoint vc="3" upsid="220" ordinal="11" path="1" offset="361" offsetend="437" sl="220" fileid="1" />
                <BranchPoint vc="1" upsid="226" ordinal="12" path="0" offset="460" offsetend="462" sl="226" fileid="1" />
                <BranchPoint vc="1" upsid="226" ordinal="13" path="1" offset="460" offsetend="533" sl="226" fileid="1" />
              </BranchPoints>
              <MethodPoint vc="35" upsid="0" p8:type="SequencePoint" ordinal="7" offset="7" sc="0" sl="196" ec="1" el="238" bec="0" bev="0" fileid="1" xmlns:p8="xsi" />
            </Method>
            <Method cyclomaticComplexity="0" nPathComplexity="0" sequenceCoverage="0.943" branchCoverage="0.833" isConstructor="False" isGetter="False" isSetter="False" isStatic="True">
              <Summary numSequencePoints="35" visitedSequencePoints="33" numBranchPoints="18" visitedBranchPoints="15" sequenceCoverage="0.943" branchCoverage="0.833" maxCyclomaticComplexity="0" minCyclomaticComplexity="0" visitedClasses="0" numClasses="0" visitedMethods="1" numMethods="1" />
              <MetadataToken />
              <Name>System.Boolean Player.ActionExecutor::RefreshBoardState()</Name>
              <FileRef uid="1" />
              <SequencePoints>
                <SequencePoint vc="4" upsid="241" ordinal="0" sl="241" sc="1" el="241" ec="2" bec="0" bev="0" fileid="1" />
                <SequencePoint vc="4" upsid="243" ordinal="1" sl="243" sc="1" el="243" ec="2" bec="0" bev="0" fileid="1" />
                <SequencePoint vc="4" upsid="244" ordinal="2" sl="244" sc="1" el="244" ec="2" bec="0" bev="0" fileid="1" />
                <SequencePoint vc="4" upsid="245" ordinal="3" sl="245" sc="1" el="245" ec="2" bec="0" bev="0" fileid="1" />
                <SequencePoint vc="4" upsid="246" ordinal="4" sl="246" sc="1" el="246" ec="2" bec="0" bev="0" fileid="1" />
                <SequencePoint vc="4" upsid="247" ordinal="5" sl="247" sc="1" el="247" ec="2" bec="0" bev="0" fileid="1" />
                <SequencePoint vc="4" upsid="248" ordinal="6" sl="248" sc="1" el="248" ec="2" bec="0" bev="0" fileid="1" />
                <SequencePoint vc="6" upsid="249" ordinal="7" sl="249" sc="1" el="249" ec="2" bec="0" bev="0" fileid="1" />
                <SequencePoint vc="3" upsid="250" ordinal="8" sl="250" sc="1" el="250" ec="2" bec="0" bev="0" fileid="1" />
                <SequencePoint vc="3" upsid="253" ordinal="9" sl="253" sc="1" el="253" ec="2" bec="0" bev="0" fileid="1" />
                <SequencePoint vc="1" upsid="254" ordinal="10" sl="254" sc="1" el="254" ec="2" bec="0" bev="0" fileid="1" />
                <SequencePoint vc="2" upsid="256" ordinal="11" sl="256" sc="1" el="256" ec="2" bec="0" bev="0" fileid="1" />
                <SequencePoint vc="2" upsid="257" ordinal="12" sl="257" sc="1" el="257" ec="2" bec="0" bev="0" fileid="1" />
                <SequencePoint vc="0" upsid="258" ordinal="13" sl="258" sc="1" el="258" ec="2" bec="0" bev="0" fileid="1" />
                <SequencePoint vc="6" upsid="260" ordinal="14" sl="260" sc="1" el="260" ec="2" bec="0" bev="0" fileid="1" />
                <SequencePoint vc="14" upsid="261" ordinal="15" sl="261" sc="1" el="261" ec="2" bec="0" bev="0" fileid="1" />
                <SequencePoint vc="4" upsid="262" ordinal="16" sl="262" sc="1" el="262" ec="2" bec="0" bev="0" fileid="1" />
                <SequencePoint vc="4" upsid="264" ordinal="17" sl="264" sc="1" el="264" ec="2" bec="0" bev="0" fileid="1" />
                <SequencePoint vc="4" upsid="265" ordinal="18" sl="265" sc="1" el="265" ec="2" bec="0" bev="0" fileid="1" />
                <SequencePoint vc="4" upsid="266" ordinal="19" sl="266" sc="1" el="266" ec="2" bec="0" bev="0" fileid="1" />
                <SequencePoint vc="1" upsid="267" ordinal="20" sl="267" sc="1" el="267" ec="2" bec="0" bev="0" fileid="1" />
                <SequencePoint vc="1" upsid="268" ordinal="21" sl="268" sc="1" el="268" ec="2" bec="0" bev="0" fileid="1" />
                <SequencePoint vc="1" upsid="269" ordinal="22" sl="269" sc="1" el="269" ec="2" bec="0" bev="0" fileid="1" />
                <SequencePoint vc="1" upsid="270" ordinal="23" sl="270" sc="1" el="270" ec="2" bec="0" bev="0" fileid="1" />
                <SequencePoint vc="1" upsid="271" ordinal="24" sl="271" sc="1" el="271" ec="2" bec="0" bev="0" fileid="1" />
                <SequencePoint vc="1" upsid="272" ordinal="25" sl="272" sc="1" el="272" ec="2" bec="0" bev="0" fileid="1" />
                <SequencePoint vc="0" upsid="273" ordinal="26" sl="273" sc="1" el="273" ec="2" bec="0" bev="0" fileid="1" />
                <SequencePoint vc="1" upsid="274" ordinal="27" sl="274" sc="1" el="274" ec="2" bec="0" bev="0" fileid="1" />
                <SequencePoint vc="4" upsid="275" ordinal="28" sl="275" sc="1" el="275" ec="2" bec="0" bev="0" fileid="1" />
                <SequencePoint vc="2" upsid="276" ordinal="29" sl="276" sc="1" el="276" ec="2" bec="0" bev="0" fileid="1" />
                <SequencePoint vc="2" upsid="278" ordinal="30" sl="278" sc="1" el="278" ec="2" bec="0" bev="0" fileid="1" />
                <SequencePoint vc="1" upsid="279" ordinal="31" sl="279" sc="1" el="279" ec="2" bec="0" bev="0" fileid="1" />
                <SequencePoint vc="1" upsid="281" ordinal="32" sl="281" sc="1" el="281" ec="2" bec="0" bev="0" fileid="1" />
                <SequencePoint vc="1" upsid="282" ordinal="33" sl="282" sc="1" el="282" ec="2" bec="0" bev="0" fileid="1" />
                <SequencePoint vc="2" upsid="283" ordinal="34" sl="283" sc="1" el="283" ec="2" bec="0" bev="0" fileid="1" />
              </SequencePoints>
              <BranchPoints>
                <BranchPoint vc="1" upsid="249" ordinal="0" path="0" offset="68" offsetend="70" sl="249" fileid="1" />
                <BranchPoint vc="7" upsid="249" ordinal="1" path="1" offset="68" offsetend="79" sl="249" fileid="1" />
                <BranchPoint vc="1" upsid="253" ordinal="2" path="0" offset="104" offsetend="106" sl="253" fileid="1" />
                <BranchPoint vc="3" upsid="253" ordinal="3" path="1" offset="104" offsetend="112" sl="253" fileid="1" />
                <BranchPoint vc="0" upsid="257" ordinal="4" path="0" offset="132" offsetend="134" sl="257" fileid="1" />
                <BranchPoint vc="3" upsid="257" ordinal="5" path="1" offset="132" offsetend="140" sl="257" fileid="1" />
                <BranchPoint vc="1" upsid="260" ordinal="6" path="0" offset="157" offsetend="159" sl="260" fileid="1" />
                <BranchPoint vc="3" upsid="260" ordinal="7" path="1" offset="157" offsetend="182" sl="260" fileid="1" />
                <BranchPoint vc="15" upsid="261" ordinal="15" path="1" offset="597" offsetend="217" sl="261" fileid="1" />
                <BranchPoint vc="3" upsid="261" ordinal="14" path="0" offset="597" offsetend="602" sl="261" fileid="1" />
                <BranchPoint vc="1" upsid="266" ordinal="8" path="0" offset="342" offsetend="347" sl="266" fileid="1" />
                <BranchPoint vc="15" upsid="266" ordinal="9" path="1" offset="342" offsetend="589" sl="266" fileid="1" />
                <BranchPoint vc="1" upsid="272" ordinal="10" path="0" offset="483" offsetend="485" sl="272" fileid="1" />
                <BranchPoint vc="0" upsid="272" ordinal="11" path="1" offset="483" offsetend="533" sl="272" fileid="1" />
                <BranchPoint vc="0" upsid="272" ordinal="12" path="0" offset="538" offsetend="540" sl="272" fileid="1" />
                <BranchPoint vc="1" upsid="272" ordinal="13" path="1" offset="538" offsetend="588" sl="272" fileid="1" />
                <BranchPoint vc="1" upsid="278" ordinal="16" path="0" offset="654" offsetend="656" sl="278" fileid="1" />
                <BranchPoint vc="1" upsid="278" ordinal="17" path="1" offset="654" offsetend="667" sl="278" fileid="1" />
              </BranchPoints>
              <MethodPoint vc="33" upsid="0" p8:type="SequencePoint" ordinal="8" offset="8" sc="0" sl="241" ec="1" el="283" bec="0" bev="0" fileid="1" xmlns:p8="xsi" />
            </Method>
            <Method cyclomaticComplexity="0" nPathComplexity="0" sequenceCoverage="0" branchCoverage="0" isConstructor="False" isGetter="False" isSetter="False" isStatic="True">
              <Summary numSequencePoints="16" visitedSequencePoints="0" numBranchPoints="2" visitedBranchPoints="0" sequenceCoverage="0" branchCoverage="0" maxCyclomaticComplexity="0" minCyclomaticComplexity="0" visitedClasses="0" numClasses="0" visitedMethods="0" numMethods="1" />
              <MetadataToken />
              <Name>System.Boolean Player.ActionExecutor::RejectCommunication(System.String)</Name>
              <FileRef uid="1" />
              <SequencePoints>
                <SequencePoint vc="0" upsid="286" ordinal="0" sl="286" sc="1" el="286" ec="2" bec="0" bev="0" fileid="1" />
                <SequencePoint vc="0" upsid="287" ordinal="1" sl="287" sc="1" el="287" ec="2" bec="0" bev="0" fileid="1" />
                <SequencePoint vc="0" upsid="288" ordinal="2" sl="288" sc="1" el="288" ec="2" bec="0" bev="0" fileid="1" />
                <SequencePoint vc="0" upsid="289" ordinal="3" sl="289" sc="1" el="289" ec="2" bec="0" bev="0" fileid="1" />
                <SequencePoint vc="0" upsid="290" ordinal="4" sl="290" sc="1" el="290" ec="2" bec="0" bev="0" fileid="1" />
                <SequencePoint vc="0" upsid="291" ordinal="5" sl="291" sc="1" el="291" ec="2" bec="0" bev="0" fileid="1" />
                <SequencePoint vc="0" upsid="292" ordinal="6" sl="292" sc="1" el="292" ec="2" bec="0" bev="0" fileid="1" />
                <SequencePoint vc="0" upsid="293" ordinal="7" sl="293" sc="1" el="293" ec="2" bec="0" bev="0" fileid="1" />
                <SequencePoint vc="0" upsid="294" ordinal="8" sl="294" sc="1" el="294" ec="2" bec="0" bev="0" fileid="1" />
                <SequencePoint vc="0" upsid="295" ordinal="9" sl="295" sc="1" el="295" ec="2" bec="0" bev="0" fileid="1" />
                <SequencePoint vc="0" upsid="296" ordinal="10" sl="296" sc="1" el="296" ec="2" bec="0" bev="0" fileid="1" />
                <SequencePoint vc="0" upsid="297" ordinal="11" sl="297" sc="1" el="297" ec="2" bec="0" bev="0" fileid="1" />
                <SequencePoint vc="0" upsid="298" ordinal="12" sl="298" sc="1" el="298" ec="2" bec="0" bev="0" fileid="1" />
                <SequencePoint vc="0" upsid="299" ordinal="13" sl="299" sc="1" el="299" ec="2" bec="0" bev="0" fileid="1" />
                <SequencePoint vc="0" upsid="300" ordinal="14" sl="300" sc="1" el="300" ec="2" bec="0" bev="0" fileid="1" />
                <SequencePoint vc="0" upsid="301" ordinal="15" sl="301" sc="1" el="301" ec="2" bec="0" bev="0" fileid="1" />
              </SequencePoints>
              <BranchPoints>
                <BranchPoint vc="0" upsid="297" ordinal="0" path="0" offset="82" offsetend="84" sl="297" fileid="1" />
                <BranchPoint vc="0" upsid="297" ordinal="1" path="1" offset="82" offsetend="89" sl="297" fileid="1" />
              </BranchPoints>
              <MethodPoint vc="0" upsid="0" p8:type="SequencePoint" ordinal="9" offset="9" sc="0" sl="286" ec="1" el="301" bec="0" bev="0" fileid="1" xmlns:p8="xsi" />
            </Method>
            <Method cyclomaticComplexity="0" nPathComplexity="0" sequenceCoverage="0" branchCoverage="0" isConstructor="False" isGetter="False" isSetter="False" isStatic="True">
              <Summary numSequencePoints="16" visitedSequencePoints="0" numBranchPoints="2" visitedBranchPoints="0" sequenceCoverage="0" branchCoverage="0" maxCyclomaticComplexity="0" minCyclomaticComplexity="0" visitedClasses="0" numClasses="0" visitedMethods="0" numMethods="1" />
              <MetadataToken />
              <Name>System.Boolean Player.ActionExecutor::SendCommunicationRequest(System.String)</Name>
              <FileRef uid="1" />
              <SequencePoints>
                <SequencePoint vc="0" upsid="304" ordinal="0" sl="304" sc="1" el="304" ec="2" bec="0" bev="0" fileid="1" />
                <SequencePoint vc="0" upsid="305" ordinal="1" sl="305" sc="1" el="305" ec="2" bec="0" bev="0" fileid="1" />
                <SequencePoint vc="0" upsid="306" ordinal="2" sl="306" sc="1" el="306" ec="2" bec="0" bev="0" fileid="1" />
                <SequencePoint vc="0" upsid="307" ordinal="3" sl="307" sc="1" el="307" ec="2" bec="0" bev="0" fileid="1" />
                <SequencePoint vc="0" upsid="308" ordinal="4" sl="308" sc="1" el="308" ec="2" bec="0" bev="0" fileid="1" />
                <SequencePoint vc="0" upsid="309" ordinal="5" sl="309" sc="1" el="309" ec="2" bec="0" bev="0" fileid="1" />
                <SequencePoint vc="0" upsid="310" ordinal="6" sl="310" sc="1" el="310" ec="2" bec="0" bev="0" fileid="1" />
                <SequencePoint vc="0" upsid="311" ordinal="7" sl="311" sc="1" el="311" ec="2" bec="0" bev="0" fileid="1" />
                <SequencePoint vc="0" upsid="312" ordinal="8" sl="312" sc="1" el="312" ec="2" bec="0" bev="0" fileid="1" />
                <SequencePoint vc="0" upsid="313" ordinal="9" sl="313" sc="1" el="313" ec="2" bec="0" bev="0" fileid="1" />
                <SequencePoint vc="0" upsid="314" ordinal="10" sl="314" sc="1" el="314" ec="2" bec="0" bev="0" fileid="1" />
                <SequencePoint vc="0" upsid="315" ordinal="11" sl="315" sc="1" el="315" ec="2" bec="0" bev="0" fileid="1" />
                <SequencePoint vc="0" upsid="316" ordinal="12" sl="316" sc="1" el="316" ec="2" bec="0" bev="0" fileid="1" />
                <SequencePoint vc="0" upsid="317" ordinal="13" sl="317" sc="1" el="317" ec="2" bec="0" bev="0" fileid="1" />
                <SequencePoint vc="0" upsid="318" ordinal="14" sl="318" sc="1" el="318" ec="2" bec="0" bev="0" fileid="1" />
                <SequencePoint vc="0" upsid="319" ordinal="15" sl="319" sc="1" el="319" ec="2" bec="0" bev="0" fileid="1" />
              </SequencePoints>
              <BranchPoints>
                <BranchPoint vc="0" upsid="314" ordinal="0" path="0" offset="75" offsetend="77" sl="314" fileid="1" />
                <BranchPoint vc="0" upsid="314" ordinal="1" path="1" offset="75" offsetend="82" sl="314" fileid="1" />
              </BranchPoints>
              <MethodPoint vc="0" upsid="0" p8:type="SequencePoint" ordinal="10" offset="10" sc="0" sl="304" ec="1" el="319" bec="0" bev="0" fileid="1" xmlns:p8="xsi" />
            </Method>
            <Method cyclomaticComplexity="0" nPathComplexity="0" sequenceCoverage="0" branchCoverage="0" isConstructor="False" isGetter="False" isSetter="False" isStatic="True">
              <Summary numSequencePoints="9" visitedSequencePoints="0" numBranchPoints="4" visitedBranchPoints="0" sequenceCoverage="0" branchCoverage="0" maxCyclomaticComplexity="0" minCyclomaticComplexity="0" visitedClasses="0" numClasses="0" visitedMethods="0" numMethods="1" />
              <MetadataToken />
              <Name>System.Boolean Player.ActionExecutor::SendCommunicationResponse(System.String)</Name>
              <FileRef uid="1" />
              <SequencePoints>
                <SequencePoint vc="0" upsid="322" ordinal="0" sl="322" sc="1" el="322" ec="2" bec="0" bev="0" fileid="1" />
                <SequencePoint vc="0" upsid="323" ordinal="1" sl="323" sc="1" el="323" ec="2" bec="0" bev="0" fileid="1" />
                <SequencePoint vc="0" upsid="324" ordinal="2" sl="324" sc="1" el="324" ec="2" bec="0" bev="0" fileid="1" />
                <SequencePoint vc="0" upsid="326" ordinal="3" sl="326" sc="1" el="326" ec="2" bec="0" bev="0" fileid="1" />
                <SequencePoint vc="0" upsid="327" ordinal="4" sl="327" sc="1" el="327" ec="2" bec="0" bev="0" fileid="1" />
                <SequencePoint vc="0" upsid="328" ordinal="5" sl="328" sc="1" el="328" ec="2" bec="0" bev="0" fileid="1" />
                <SequencePoint vc="0" upsid="331" ordinal="6" sl="331" sc="1" el="331" ec="2" bec="0" bev="0" fileid="1" />
                <SequencePoint vc="0" upsid="332" ordinal="7" sl="332" sc="1" el="332" ec="2" bec="0" bev="0" fileid="1" />
                <SequencePoint vc="0" upsid="334" ordinal="8" sl="334" sc="1" el="334" ec="2" bec="0" bev="0" fileid="1" />
              </SequencePoints>
              <BranchPoints>
                <BranchPoint vc="0" upsid="326" ordinal="0" path="0" offset="33" offsetend="35" sl="326" fileid="1" />
                <BranchPoint vc="0" upsid="326" ordinal="1" path="1" offset="33" offsetend="41" sl="326" fileid="1" />
                <BranchPoint vc="0" upsid="326" ordinal="2" path="0" offset="44" offsetend="46" sl="326" fileid="1" />
                <BranchPoint vc="0" upsid="326" ordinal="3" path="1" offset="44" offsetend="57" sl="326" fileid="1" />
              </BranchPoints>
              <MethodPoint vc="0" upsid="0" p8:type="SequencePoint" ordinal="11" offset="11" sc="0" sl="322" ec="1" el="334" bec="0" bev="0" fileid="1" xmlns:p8="xsi" />
            </Method>
            <Method cyclomaticComplexity="0" nPathComplexity="0" sequenceCoverage="1" branchCoverage="1" isConstructor="False" isGetter="False" isSetter="False" isStatic="True">
              <Summary numSequencePoints="17" visitedSequencePoints="17" numBranchPoints="6" visitedBranchPoints="6" sequenceCoverage="1" branchCoverage="1" maxCyclomaticComplexity="0" minCyclomaticComplexity="0" visitedClasses="0" numClasses="0" visitedMethods="1" numMethods="1" />
              <MetadataToken />
              <Name>System.Boolean Player.ActionExecutor::TestPiece()</Name>
              <FileRef uid="1" />
              <SequencePoints>
                <SequencePoint vc="4" upsid="337" ordinal="0" sl="337" sc="1" el="337" ec="2" bec="0" bev="0" fileid="1" />
                <SequencePoint vc="4" upsid="338" ordinal="1" sl="338" sc="1" el="338" ec="2" bec="0" bev="0" fileid="1" />
                <SequencePoint vc="4" upsid="339" ordinal="2" sl="339" sc="1" el="339" ec="2" bec="0" bev="0" fileid="1" />
                <SequencePoint vc="4" upsid="340" ordinal="3" sl="340" sc="1" el="340" ec="2" bec="0" bev="0" fileid="1" />
                <SequencePoint vc="4" upsid="341" ordinal="4" sl="341" sc="1" el="341" ec="2" bec="0" bev="0" fileid="1" />
                <SequencePoint vc="4" upsid="342" ordinal="5" sl="342" sc="1" el="342" ec="2" bec="0" bev="0" fileid="1" />
                <SequencePoint vc="4" upsid="343" ordinal="6" sl="343" sc="1" el="343" ec="2" bec="0" bev="0" fileid="1" />
                <SequencePoint vc="6" upsid="344" ordinal="7" sl="344" sc="1" el="344" ec="2" bec="0" bev="0" fileid="1" />
                <SequencePoint vc="3" upsid="345" ordinal="8" sl="345" sc="1" el="345" ec="2" bec="0" bev="0" fileid="1" />
                <SequencePoint vc="3" upsid="346" ordinal="9" sl="346" sc="1" el="346" ec="2" bec="0" bev="0" fileid="1" />
                <SequencePoint vc="1" upsid="347" ordinal="10" sl="347" sc="1" el="347" ec="2" bec="0" bev="0" fileid="1" />
                <SequencePoint vc="2" upsid="349" ordinal="11" sl="349" sc="1" el="349" ec="2" bec="0" bev="0" fileid="1" />
                <SequencePoint vc="2" upsid="350" ordinal="12" sl="350" sc="1" el="350" ec="2" bec="0" bev="0" fileid="1" />
                <SequencePoint vc="2" upsid="352" ordinal="13" sl="352" sc="1" el="352" ec="2" bec="0" bev="0" fileid="1" />
                <SequencePoint vc="2" upsid="354" ordinal="14" sl="354" sc="1" el="354" ec="2" bec="0" bev="0" fileid="1" />
                <SequencePoint vc="2" upsid="356" ordinal="15" sl="356" sc="1" el="356" ec="2" bec="0" bev="0" fileid="1" />
                <SequencePoint vc="3" upsid="357" ordinal="16" sl="357" sc="1" el="357" ec="2" bec="0" bev="0" fileid="1" />
              </SequencePoints>
              <BranchPoints>
                <BranchPoint vc="1" upsid="344" ordinal="0" path="0" offset="68" offsetend="70" sl="344" fileid="1" />
                <BranchPoint vc="7" upsid="344" ordinal="1" path="1" offset="68" offsetend="78" sl="344" fileid="1" />
                <BranchPoint vc="1" upsid="346" ordinal="2" path="0" offset="103" offsetend="105" sl="346" fileid="1" />
                <BranchPoint vc="3" upsid="346" ordinal="3" path="1" offset="103" offsetend="111" sl="346" fileid="1" />
                <BranchPoint vc="1" upsid="352" ordinal="4" path="0" offset="166" offsetend="168" sl="352" fileid="1" />
                <BranchPoint vc="1" upsid="352" ordinal="5" path="1" offset="166" offsetend="175" sl="352" fileid="1" />
              </BranchPoints>
              <MethodPoint vc="17" upsid="0" p8:type="SequencePoint" ordinal="12" offset="12" sc="0" sl="337" ec="1" el="357" bec="0" bev="0" fileid="1" xmlns:p8="xsi" />
            </Method>
            <Method cyclomaticComplexity="0" nPathComplexity="0" sequenceCoverage="0" branchCoverage="0" isConstructor="False" isGetter="False" isSetter="False" isStatic="True">
              <Summary numSequencePoints="3" visitedSequencePoints="0" numBranchPoints="0" visitedBranchPoints="0" sequenceCoverage="0" branchCoverage="0" maxCyclomaticComplexity="0" minCyclomaticComplexity="0" visitedClasses="0" numClasses="0" visitedMethods="0" numMethods="1" />
              <MetadataToken />
              <Name>System.Void Player.ActionExecutor::WaitForAnyResponse()</Name>
              <FileRef uid="1" />
              <SequencePoints>
                <SequencePoint vc="0" upsid="361" ordinal="0" sl="361" sc="1" el="361" ec="2" bec="0" bev="0" fileid="1" />
                <SequencePoint vc="0" upsid="362" ordinal="1" sl="362" sc="1" el="362" ec="2" bec="0" bev="0" fileid="1" />
                <SequencePoint vc="0" upsid="363" ordinal="2" sl="363" sc="1" el="363" ec="2" bec="0" bev="0" fileid="1" />
              </SequencePoints>
              <BranchPoints />
              <MethodPoint vc="0" upsid="0" p8:type="SequencePoint" ordinal="13" offset="13" sc="0" sl="361" ec="1" el="363" bec="0" bev="0" fileid="1" xmlns:p8="xsi" />
            </Method>
          </Methods>
        </Class>
        <Class>
          <Summary numSequencePoints="53" visitedSequencePoints="31" numBranchPoints="10" visitedBranchPoints="5" sequenceCoverage="0.585" branchCoverage="0.5" maxCyclomaticComplexity="0" minCyclomaticComplexity="0" visitedClasses="1" numClasses="1" visitedMethods="3" numMethods="8" />
          <FullName>Player.Communicator</FullName>
          <Methods>
            <Method cyclomaticComplexity="0" nPathComplexity="0" sequenceCoverage="0" branchCoverage="0" isConstructor="False" isGetter="True" isSetter="False" isStatic="True">
              <Summary numSequencePoints="1" visitedSequencePoints="0" numBranchPoints="0" visitedBranchPoints="0" sequenceCoverage="0" branchCoverage="0" maxCyclomaticComplexity="0" minCyclomaticComplexity="0" visitedClasses="0" numClasses="0" visitedMethods="0" numMethods="1" />
              <MetadataToken />
              <Name>System.Boolean Player.Communicator::get_IsConnected()</Name>
              <FileRef uid="2" />
              <SequencePoints>
                <SequencePoint vc="0" upsid="17" ordinal="0" sl="17" sc="1" el="17" ec="2" bec="0" bev="0" fileid="2" />
              </SequencePoints>
              <BranchPoints />
              <MethodPoint vc="0" upsid="0" p8:type="SequencePoint" ordinal="0" offset="0" sc="0" sl="17" ec="1" el="17" bec="0" bev="0" fileid="2" xmlns:p8="xsi" />
            </Method>
            <Method cyclomaticComplexity="0" nPathComplexity="0" sequenceCoverage="0" branchCoverage="0" isConstructor="False" isGetter="True" isSetter="False" isStatic="True">
              <Summary numSequencePoints="1" visitedSequencePoints="0" numBranchPoints="0" visitedBranchPoints="0" sequenceCoverage="0" branchCoverage="0" maxCyclomaticComplexity="0" minCyclomaticComplexity="0" visitedClasses="0" numClasses="0" visitedMethods="0" numMethods="1" />
              <MetadataToken />
              <Name>System.String Player.Communicator::get_ServerHostName()</Name>
              <FileRef uid="2" />
              <SequencePoints>
                <SequencePoint vc="0" upsid="18" ordinal="0" sl="18" sc="1" el="18" ec="2" bec="0" bev="0" fileid="2" />
              </SequencePoints>
              <BranchPoints />
              <MethodPoint vc="0" upsid="0" p8:type="SequencePoint" ordinal="1" offset="1" sc="0" sl="18" ec="1" el="18" bec="0" bev="0" fileid="2" xmlns:p8="xsi" />
            </Method>
            <Method cyclomaticComplexity="0" nPathComplexity="0" sequenceCoverage="0" branchCoverage="0" isConstructor="False" isGetter="True" isSetter="False" isStatic="True">
              <Summary numSequencePoints="1" visitedSequencePoints="0" numBranchPoints="0" visitedBranchPoints="0" sequenceCoverage="0" branchCoverage="0" maxCyclomaticComplexity="0" minCyclomaticComplexity="0" visitedClasses="0" numClasses="0" visitedMethods="0" numMethods="1" />
              <MetadataToken />
              <Name>System.Int32 Player.Communicator::get_ServerPort()</Name>
              <FileRef uid="2" />
              <SequencePoints>
                <SequencePoint vc="0" upsid="19" ordinal="0" sl="19" sc="1" el="19" ec="2" bec="0" bev="0" fileid="2" />
              </SequencePoints>
              <BranchPoints />
              <MethodPoint vc="0" upsid="0" p8:type="SequencePoint" ordinal="2" offset="2" sc="0" sl="19" ec="1" el="19" bec="0" bev="0" fileid="2" xmlns:p8="xsi" />
            </Method>
            <Method cyclomaticComplexity="0" nPathComplexity="0" sequenceCoverage="0.636" branchCoverage="0.5" isConstructor="False" isGetter="False" isSetter="False" isStatic="True">
              <Summary numSequencePoints="11" visitedSequencePoints="7" numBranchPoints="2" visitedBranchPoints="1" sequenceCoverage="0.636" branchCoverage="0.5" maxCyclomaticComplexity="0" minCyclomaticComplexity="0" visitedClasses="0" numClasses="0" visitedMethods="1" numMethods="1" />
              <MetadataToken />
              <Name>System.Void Player.Communicator::Connect()</Name>
              <FileRef uid="2" />
              <SequencePoints>
                <SequencePoint vc="3" upsid="28" ordinal="0" sl="28" sc="1" el="28" ec="2" bec="0" bev="0" fileid="2" />
                <SequencePoint vc="3" upsid="29" ordinal="1" sl="29" sc="1" el="29" ec="2" bec="0" bev="0" fileid="2" />
                <SequencePoint vc="3" upsid="31" ordinal="2" sl="31" sc="1" el="31" ec="2" bec="0" bev="0" fileid="2" />
                <SequencePoint vc="3" upsid="32" ordinal="3" sl="32" sc="1" el="32" ec="2" bec="0" bev="0" fileid="2" />
                <SequencePoint vc="3" upsid="33" ordinal="4" sl="33" sc="1" el="33" ec="2" bec="0" bev="0" fileid="2" />
                <SequencePoint vc="0" upsid="34" ordinal="5" sl="34" sc="1" el="34" ec="2" bec="0" bev="0" fileid="2" />
                <SequencePoint vc="0" upsid="35" ordinal="6" sl="35" sc="1" el="35" ec="2" bec="0" bev="0" fileid="2" />
                <SequencePoint vc="0" upsid="36" ordinal="7" sl="36" sc="1" el="36" ec="2" bec="0" bev="0" fileid="2" />
                <SequencePoint vc="3" upsid="38" ordinal="8" sl="38" sc="1" el="38" ec="2" bec="0" bev="0" fileid="2" />
                <SequencePoint vc="0" upsid="39" ordinal="9" sl="39" sc="1" el="39" ec="2" bec="0" bev="0" fileid="2" />
                <SequencePoint vc="3" upsid="40" ordinal="10" sl="40" sc="1" el="40" ec="2" bec="0" bev="0" fileid="2" />
              </SequencePoints>
              <BranchPoints>
                <BranchPoint vc="0" upsid="38" ordinal="0" path="0" offset="75" offsetend="77" sl="38" fileid="2" />
                <BranchPoint vc="7" upsid="38" ordinal="1" path="1" offset="75" offsetend="83" sl="38" fileid="2" />
              </BranchPoints>
              <MethodPoint vc="7" upsid="0" p8:type="SequencePoint" ordinal="3" offset="3" sc="0" sl="28" ec="1" el="40" bec="0" bev="0" fileid="2" xmlns:p8="xsi" />
            </Method>
            <Method cyclomaticComplexity="0" nPathComplexity="0" sequenceCoverage="0" branchCoverage="0" isConstructor="False" isGetter="False" isSetter="False" isStatic="True">
              <Summary numSequencePoints="3" visitedSequencePoints="0" numBranchPoints="0" visitedBranchPoints="0" sequenceCoverage="0" branchCoverage="0" maxCyclomaticComplexity="0" minCyclomaticComplexity="0" visitedClasses="0" numClasses="0" visitedMethods="0" numMethods="1" />
              <MetadataToken />
              <Name>System.Void Player.Communicator::Disconnect()</Name>
              <FileRef uid="2" />
              <SequencePoints>
                <SequencePoint vc="0" upsid="43" ordinal="0" sl="43" sc="1" el="43" ec="2" bec="0" bev="0" fileid="2" />
                <SequencePoint vc="0" upsid="44" ordinal="1" sl="44" sc="1" el="44" ec="2" bec="0" bev="0" fileid="2" />
                <SequencePoint vc="0" upsid="45" ordinal="2" sl="45" sc="1" el="45" ec="2" bec="0" bev="0" fileid="2" />
              </SequencePoints>
              <BranchPoints />
              <MethodPoint vc="0" upsid="0" p8:type="SequencePoint" ordinal="4" offset="4" sc="0" sl="43" ec="1" el="45" bec="0" bev="0" fileid="2" xmlns:p8="xsi" />
            </Method>
            <Method cyclomaticComplexity="0" nPathComplexity="0" sequenceCoverage="1" branchCoverage="0" isConstructor="False" isGetter="False" isSetter="False" isStatic="True">
              <Summary numSequencePoints="8" visitedSequencePoints="8" numBranchPoints="0" visitedBranchPoints="0" sequenceCoverage="1" branchCoverage="0" maxCyclomaticComplexity="0" minCyclomaticComplexity="0" visitedClasses="0" numClasses="0" visitedMethods="1" numMethods="1" />
              <MetadataToken />
              <Name>System.Void Player.Communicator::Send(System.String)</Name>
              <FileRef uid="2" />
              <SequencePoints>
                <SequencePoint vc="1" upsid="48" ordinal="0" sl="48" sc="1" el="48" ec="2" bec="0" bev="0" fileid="2" />
                <SequencePoint vc="1" upsid="49" ordinal="1" sl="49" sc="1" el="49" ec="2" bec="0" bev="0" fileid="2" />
                <SequencePoint vc="1" upsid="52" ordinal="2" sl="52" sc="1" el="52" ec="2" bec="0" bev="0" fileid="2" />
                <SequencePoint vc="1" upsid="54" ordinal="3" sl="54" sc="1" el="54" ec="2" bec="0" bev="0" fileid="2" />
                <SequencePoint vc="1" upsid="57" ordinal="4" sl="57" sc="1" el="57" ec="2" bec="0" bev="0" fileid="2" />
                <SequencePoint vc="1" upsid="58" ordinal="5" sl="58" sc="1" el="58" ec="2" bec="0" bev="0" fileid="2" />
                <SequencePoint vc="1" upsid="61" ordinal="6" sl="61" sc="1" el="61" ec="2" bec="0" bev="0" fileid="2" />
                <SequencePoint vc="1" upsid="62" ordinal="7" sl="62" sc="1" el="62" ec="2" bec="0" bev="0" fileid="2" />
              </SequencePoints>
              <BranchPoints />
              <MethodPoint vc="8" upsid="0" p8:type="SequencePoint" ordinal="5" offset="5" sc="0" sl="48" ec="1" el="62" bec="0" bev="0" fileid="2" xmlns:p8="xsi" />
            </Method>
            <Method cyclomaticComplexity="0" nPathComplexity="0" sequenceCoverage="0.8" branchCoverage="0.667" isConstructor="False" isGetter="False" isSetter="False" isStatic="True">
              <Summary numSequencePoints="20" visitedSequencePoints="16" numBranchPoints="6" visitedBranchPoints="4" sequenceCoverage="0.8" branchCoverage="0.667" maxCyclomaticComplexity="0" minCyclomaticComplexity="0" visitedClasses="0" numClasses="0" visitedMethods="1" numMethods="1" />
              <MetadataToken />
              <Name>System.String Player.Communicator::Receive()</Name>
              <FileRef uid="2" />
              <SequencePoints>
                <SequencePoint vc="1" upsid="65" ordinal="0" sl="65" sc="1" el="65" ec="2" bec="0" bev="0" fileid="2" />
                <SequencePoint vc="1" upsid="66" ordinal="1" sl="66" sc="1" el="66" ec="2" bec="0" bev="0" fileid="2" />
                <SequencePoint vc="1" upsid="67" ordinal="2" sl="67" sc="1" el="67" ec="2" bec="0" bev="0" fileid="2" />
                <SequencePoint vc="1" upsid="70" ordinal="3" sl="70" sc="1" el="70" ec="2" bec="0" bev="0" fileid="2" />
                <SequencePoint vc="1" upsid="71" ordinal="4" sl="71" sc="1" el="71" ec="2" bec="0" bev="0" fileid="2" />
                <SequencePoint vc="1" upsid="73" ordinal="5" sl="73" sc="1" el="73" ec="2" bec="0" bev="0" fileid="2" />
                <SequencePoint vc="0" upsid="74" ordinal="6" sl="74" sc="1" el="74" ec="2" bec="0" bev="0" fileid="2" />
                <SequencePoint vc="0" upsid="75" ordinal="7" sl="75" sc="1" el="75" ec="2" bec="0" bev="0" fileid="2" />
                <SequencePoint vc="1" upsid="77" ordinal="8" sl="77" sc="1" el="77" ec="2" bec="0" bev="0" fileid="2" />
                <SequencePoint vc="0" upsid="78" ordinal="9" sl="78" sc="1" el="78" ec="2" bec="0" bev="0" fileid="2" />
                <SequencePoint vc="0" upsid="79" ordinal="10" sl="79" sc="1" el="79" ec="2" bec="0" bev="0" fileid="2" />
                <SequencePoint vc="1" upsid="83" ordinal="11" sl="83" sc="1" el="83" ec="2" bec="0" bev="0" fileid="2" />
                <SequencePoint vc="1" upsid="84" ordinal="12" sl="84" sc="1" el="84" ec="2" bec="0" bev="0" fileid="2" />
                <SequencePoint vc="2" upsid="85" ordinal="13" sl="85" sc="1" el="85" ec="2" bec="0" bev="0" fileid="2" />
                <SequencePoint vc="1" upsid="86" ordinal="14" sl="86" sc="1" el="86" ec="2" bec="0" bev="0" fileid="2" />
                <SequencePoint vc="1" upsid="87" ordinal="15" sl="87" sc="1" el="87" ec="2" bec="0" bev="0" fileid="2" />
                <SequencePoint vc="1" upsid="88" ordinal="16" sl="88" sc="1" el="88" ec="2" bec="0" bev="0" fileid="2" />
                <SequencePoint vc="1" upsid="90" ordinal="17" sl="90" sc="1" el="90" ec="2" bec="0" bev="0" fileid="2" />
                <SequencePoint vc="1" upsid="92" ordinal="18" sl="92" sc="1" el="92" ec="2" bec="0" bev="0" fileid="2" />
                <SequencePoint vc="1" upsid="93" ordinal="19" sl="93" sc="1" el="93" ec="2" bec="0" bev="0" fileid="2" />
              </SequencePoints>
              <BranchPoints>
                <BranchPoint vc="0" upsid="73" ordinal="0" path="0" offset="51" offsetend="53" sl="73" fileid="2" />
                <BranchPoint vc="1" upsid="73" ordinal="1" path="1" offset="51" offsetend="65" sl="73" fileid="2" />
                <BranchPoint vc="0" upsid="77" ordinal="2" path="0" offset="77" offsetend="79" sl="77" fileid="2" />
                <BranchPoint vc="1" upsid="77" ordinal="3" path="1" offset="77" offsetend="91" sl="77" fileid="2" />
                <BranchPoint vc="1" upsid="85" ordinal="5" path="1" offset="135" offsetend="103" sl="85" fileid="2" />
                <BranchPoint vc="1" upsid="85" ordinal="4" path="0" offset="135" offsetend="137" sl="85" fileid="2" />
              </BranchPoints>
              <MethodPoint vc="16" upsid="0" p8:type="SequencePoint" ordinal="6" offset="6" sc="0" sl="65" ec="1" el="93" bec="0" bev="0" fileid="2" xmlns:p8="xsi" />
            </Method>
            <Method cyclomaticComplexity="0" nPathComplexity="0" sequenceCoverage="0" branchCoverage="0" isConstructor="False" isGetter="False" isSetter="False" isStatic="True">
              <Summary numSequencePoints="8" visitedSequencePoints="0" numBranchPoints="2" visitedBranchPoints="0" sequenceCoverage="0" branchCoverage="0" maxCyclomaticComplexity="0" minCyclomaticComplexity="0" visitedClasses="0" numClasses="0" visitedMethods="0" numMethods="1" />
              <MetadataToken />
              <Name>System.Void Player.Communicator::Dispose()</Name>
              <FileRef uid="2" />
              <SequencePoints>
                <SequencePoint vc="0" upsid="99" ordinal="0" sl="99" sc="1" el="99" ec="2" bec="0" bev="0" fileid="2" />
                <SequencePoint vc="0" upsid="100" ordinal="1" sl="100" sc="1" el="100" ec="2" bec="0" bev="0" fileid="2" />
                <SequencePoint vc="0" upsid="101" ordinal="2" sl="101" sc="1" el="101" ec="2" bec="0" bev="0" fileid="2" />
                <SequencePoint vc="0" upsid="102" ordinal="3" sl="102" sc="1" el="102" ec="2" bec="0" bev="0" fileid="2" />
                <SequencePoint vc="0" upsid="103" ordinal="4" sl="103" sc="1" el="103" ec="2" bec="0" bev="0" fileid="2" />
                <SequencePoint vc="0" upsid="105" ordinal="5" sl="105" sc="1" el="105" ec="2" bec="0" bev="0" fileid="2" />
                <SequencePoint vc="0" upsid="106" ordinal="6" sl="106" sc="1" el="106" ec="2" bec="0" bev="0" fileid="2" />
                <SequencePoint vc="0" upsid="107" ordinal="7" sl="107" sc="1" el="107" ec="2" bec="0" bev="0" fileid="2" />
              </SequencePoints>
              <BranchPoints>
                <BranchPoint vc="0" upsid="100" ordinal="0" path="0" offset="12" offsetend="14" sl="100" fileid="2" />
                <BranchPoint vc="0" upsid="100" ordinal="1" path="1" offset="12" offsetend="47" sl="100" fileid="2" />
              </BranchPoints>
              <MethodPoint vc="0" upsid="0" p8:type="SequencePoint" ordinal="7" offset="7" sc="0" sl="99" ec="1" el="107" bec="0" bev="0" fileid="2" xmlns:p8="xsi" />
            </Method>
          </Methods>
        </Class>
        <Class>
          <Summary numSequencePoints="18" visitedSequencePoints="18" numBranchPoints="6" visitedBranchPoints="6" sequenceCoverage="1" branchCoverage="1" maxCyclomaticComplexity="0" minCyclomaticComplexity="0" visitedClasses="1" numClasses="1" visitedMethods="1" numMethods="1" />
          <FullName>Player.ConfigFileReader</FullName>
          <Methods>
            <Method cyclomaticComplexity="0" nPathComplexity="0" sequenceCoverage="1" branchCoverage="1" isConstructor="False" isGetter="False" isSetter="False" isStatic="True">
              <Summary numSequencePoints="18" visitedSequencePoints="18" numBranchPoints="6" visitedBranchPoints="6" sequenceCoverage="1" branchCoverage="1" maxCyclomaticComplexity="0" minCyclomaticComplexity="0" visitedClasses="0" numClasses="0" visitedMethods="1" numMethods="1" />
              <MetadataToken />
              <Name>Player.PlayerConfig Player.ConfigFileReader::ReadConfigFile(System.String)</Name>
              <FileRef uid="3" />
              <SequencePoints>
                <SequencePoint vc="4" upsid="11" ordinal="0" sl="11" sc="1" el="11" ec="2" bec="0" bev="0" fileid="3" />
                <SequencePoint vc="4" upsid="12" ordinal="1" sl="12" sc="1" el="12" ec="2" bec="0" bev="0" fileid="3" />
                <SequencePoint vc="1" upsid="13" ordinal="2" sl="13" sc="1" el="13" ec="2" bec="0" bev="0" fileid="3" />
                <SequencePoint vc="1" upsid="14" ordinal="3" sl="14" sc="1" el="14" ec="2" bec="0" bev="0" fileid="3" />
                <SequencePoint vc="1" upsid="15" ordinal="4" sl="15" sc="1" el="15" ec="2" bec="0" bev="0" fileid="3" />
                <SequencePoint vc="4" upsid="17" ordinal="5" sl="17" sc="1" el="17" ec="2" bec="0" bev="0" fileid="3" />
                <SequencePoint vc="1" upsid="18" ordinal="6" sl="18" sc="1" el="18" ec="2" bec="0" bev="0" fileid="3" />
                <SequencePoint vc="1" upsid="19" ordinal="7" sl="19" sc="1" el="19" ec="2" bec="0" bev="0" fileid="3" />
                <SequencePoint vc="3" upsid="23" ordinal="8" sl="23" sc="1" el="23" ec="2" bec="0" bev="0" fileid="3" />
                <SequencePoint vc="3" upsid="24" ordinal="9" sl="24" sc="1" el="24" ec="2" bec="0" bev="0" fileid="3" />
                <SequencePoint vc="3" upsid="25" ordinal="10" sl="25" sc="1" el="25" ec="2" bec="0" bev="0" fileid="3" />
                <SequencePoint vc="3" upsid="26" ordinal="11" sl="26" sc="1" el="26" ec="2" bec="0" bev="0" fileid="3" />
                <SequencePoint vc="6" upsid="27" ordinal="12" sl="27" sc="1" el="27" ec="2" bec="0" bev="0" fileid="3" />
                <SequencePoint vc="3" upsid="29" ordinal="13" sl="29" sc="1" el="29" ec="2" bec="0" bev="0" fileid="3" />
                <SequencePoint vc="1" upsid="30" ordinal="14" sl="30" sc="1" el="30" ec="2" bec="0" bev="0" fileid="3" />
[...]
              <MetadataToken />
              <Name>System.Int32[] Player.Common.Dijkstra::get_Previous()</Name>
              <FileRef uid="47" />
              <SequencePoints>
                <SequencePoint vc="152" upsid="14" ordinal="0" sl="14" sc="1" el="14" ec="2" bec="0" bev="0" fileid="47" />
              </SequencePoints>
              <BranchPoints />
              <MethodPoint vc="1" upsid="0" p8:type="SequencePoint" ordinal="1" offset="1" sc="0" sl="14" ec="1" el="14" bec="0" bev="0" fileid="47" xmlns:p8="xsi" />
            </Method>
            <Method cyclomaticComplexity="0" nPathComplexity="0" sequenceCoverage="1" branchCoverage="0.5" isConstructor="False" isGetter="False" isSetter="False" isStatic="True">
              <Summary numSequencePoints="3" visitedSequencePoints="3" numBranchPoints="2" visitedBranchPoints="1" sequenceCoverage="1" branchCoverage="0.5" maxCyclomaticComplexity="0" minCyclomaticComplexity="0" visitedClasses="0" numClasses="0" visitedMethods="1" numMethods="1" />
              <MetadataToken />
              <Name>System.Boolean Player.Common.Dijkstra::isInUpperTeam()</Name>
              <FileRef uid="47" />
              <SequencePoints>
                <SequencePoint vc="1" upsid="41" ordinal="0" sl="41" sc="1" el="41" ec="2" bec="0" bev="0" fileid="47" />
                <SequencePoint vc="1" upsid="42" ordinal="1" sl="42" sc="1" el="42" ec="2" bec="0" bev="0" fileid="47" />
                <SequencePoint vc="1" upsid="43" ordinal="2" sl="43" sc="1" el="43" ec="2" bec="0" bev="0" fileid="47" />
              </SequencePoints>
              <BranchPoints>
                <BranchPoint vc="1" upsid="42" ordinal="0" path="0" offset="22" offsetend="24" sl="42" fileid="47" />
                <BranchPoint vc="0" upsid="42" ordinal="1" path="1" offset="22" offsetend="27" sl="42" fileid="47" />
              </BranchPoints>
              <MethodPoint vc="3" upsid="0" p8:type="SequencePoint" ordinal="2" offset="2" sc="0" sl="41" ec="1" el="43" bec="0" bev="0" fileid="47" xmlns:p8="xsi" />
            </Method>
            <Method cyclomaticComplexity="0" nPathComplexity="0" sequenceCoverage="1" branchCoverage="1" isConstructor="False" isGetter="False" isSetter="False" isStatic="True">
              <Summary numSequencePoints="24" visitedSequencePoints="24" numBranchPoints="8" visitedBranchPoints="8" sequenceCoverage="1" branchCoverage="1" maxCyclomaticComplexity="0" minCyclomaticComplexity="0" visitedClasses="0" numClasses="0" visitedMethods="1" numMethods="1" />
              <MetadataToken />
              <Name>System.Void Player.Common.Dijkstra::DijkstraAlgorithm(System.Collections.Generic.List`1&lt;System.Int32&gt;)</Name>
              <FileRef uid="47" />
              <SequencePoints>
                <SequencePoint vc="1" upsid="46" ordinal="0" sl="46" sc="1" el="46" ec="2" bec="0" bev="0" fileid="47" />
                <SequencePoint vc="1" upsid="47" ordinal="1" sl="47" sc="1" el="47" ec="2" bec="0" bev="0" fileid="47" />
                <SequencePoint vc="218" upsid="49" ordinal="2" sl="49" sc="1" el="49" ec="2" bec="0" bev="0" fileid="47" />
                <SequencePoint vc="108" upsid="50" ordinal="3" sl="50" sc="1" el="50" ec="2" bec="0" bev="0" fileid="47" />
                <SequencePoint vc="108" upsid="51" ordinal="4" sl="51" sc="1" el="51" ec="2" bec="0" bev="0" fileid="47" />
                <SequencePoint vc="108" upsid="52" ordinal="5" sl="52" sc="1" el="52" ec="2" bec="0" bev="0" fileid="47" />
                <SequencePoint vc="108" upsid="53" ordinal="6" sl="53" sc="1" el="53" ec="2" bec="0" bev="0" fileid="47" />
                <SequencePoint vc="1" upsid="55" ordinal="7" sl="55" sc="1" el="55" ec="2" bec="0" bev="0" fileid="47" />
                <SequencePoint vc="78" upsid="57" ordinal="8" sl="57" sc="1" el="57" ec="2" bec="0" bev="0" fileid="47" />
                <SequencePoint vc="77" upsid="58" ordinal="9" sl="58" sc="1" el="58" ec="2" bec="0" bev="0" fileid="47" />
                <SequencePoint vc="77" upsid="59" ordinal="10" sl="59" sc="1" el="59" ec="2" bec="0" bev="0" fileid="47" />
                <SequencePoint vc="77" upsid="61" ordinal="11" sl="61" sc="1" el="61" ec="2" bec="0" bev="0" fileid="47" />
                <SequencePoint vc="77" upsid="62" ordinal="12" sl="62" sc="1" el="62" ec="2" bec="0" bev="0" fileid="47" />
                <SequencePoint vc="77" upsid="63" ordinal="13" sl="63" sc="1" el="63" ec="2" bec="0" bev="0" fileid="47" />
                <SequencePoint vc="658" upsid="66" ordinal="14" sl="66" sc="1" el="66" ec="2" bec="0" bev="0" fileid="47" />
                <SequencePoint vc="252" upsid="67" ordinal="15" sl="67" sc="1" el="67" ec="2" bec="0" bev="0" fileid="47" />
                <SequencePoint vc="252" upsid="68" ordinal="16" sl="68" sc="1" el="68" ec="2" bec="0" bev="0" fileid="47" />
                <SequencePoint vc="43" upsid="69" ordinal="17" sl="69" sc="1" el="69" ec="2" bec="0" bev="0" fileid="47" />
                <SequencePoint vc="43" upsid="70" ordinal="18" sl="70" sc="1" el="70" ec="2" bec="0" bev="0" fileid="47" />
                <SequencePoint vc="43" upsid="71" ordinal="19" sl="71" sc="1" el="71" ec="2" bec="0" bev="0" fileid="47" />
                <SequencePoint vc="43" upsid="72" ordinal="20" sl="72" sc="1" el="72" ec="2" bec="0" bev="0" fileid="47" />
                <SequencePoint vc="252" upsid="73" ordinal="21" sl="73" sc="1" el="73" ec="2" bec="0" bev="0" fileid="47" />
                <SequencePoint vc="77" upsid="74" ordinal="22" sl="74" sc="1" el="74" ec="2" bec="0" bev="0" fileid="47" />
                <SequencePoint vc="1" upsid="75" ordinal="23" sl="75" sc="1" el="75" ec="2" bec="0" bev="0" fileid="47" />
              </SequencePoints>
              <BranchPoints>
                <BranchPoint vc="2147483647" upsid="49" ordinal="1" path="1" offset="62" offsetend="13" sl="49" fileid="47" />
                <BranchPoint vc="1" upsid="49" ordinal="0" path="0" offset="62" offsetend="64" sl="49" fileid="47" />
                <BranchPoint vc="2147483647" upsid="57" ordinal="7" path="1" offset="250" offsetend="83" sl="57" fileid="47" />
                <BranchPoint vc="1" upsid="57" ordinal="6" path="0" offset="250" offsetend="255" sl="57" fileid="47" />
                <BranchPoint vc="2147483647" upsid="66" ordinal="5" path="1" offset="229" offsetend="131" sl="66" fileid="47" />
                <BranchPoint vc="2147483647" upsid="66" ordinal="4" path="0" offset="229" offsetend="231" sl="66" fileid="47" />
                <BranchPoint vc="2147483647" upsid="68" ordinal="2" path="0" offset="163" offsetend="165" sl="68" fileid="47" />
                <BranchPoint vc="2147483647" upsid="68" ordinal="3" path="1" offset="163" offsetend="208" sl="68" fileid="47" />
              </BranchPoints>
              <MethodPoint vc="24" upsid="0" p8:type="SequencePoint" ordinal="3" offset="3" sc="0" sl="46" ec="1" el="75" bec="0" bev="0" fileid="47" xmlns:p8="xsi" />
            </Method>
            <Method cyclomaticComplexity="0" nPathComplexity="0" sequenceCoverage="0.5" branchCoverage="0.25" isConstructor="False" isGetter="False" isSetter="False" isStatic="True">
              <Summary numSequencePoints="14" visitedSequencePoints="7" numBranchPoints="4" visitedBranchPoints="1" sequenceCoverage="0.5" branchCoverage="0.25" maxCyclomaticComplexity="0" minCyclomaticComplexity="0" visitedClasses="0" numClasses="0" visitedMethods="1" numMethods="1" />
              <MetadataToken />
              <Name>System.Collections.Generic.Stack`1&lt;System.Int32&gt; Player.Common.Dijkstra::ShortestPath(System.Int32)</Name>
              <FileRef uid="47" />
              <SequencePoints>
                <SequencePoint vc="1" upsid="78" ordinal="0" sl="78" sc="1" el="78" ec="2" bec="0" bev="0" fileid="47" />
                <SequencePoint vc="1" upsid="79" ordinal="1" sl="79" sc="1" el="79" ec="2" bec="0" bev="0" fileid="47" />
                <SequencePoint vc="1" upsid="80" ordinal="2" sl="80" sc="1" el="80" ec="2" bec="0" bev="0" fileid="47" />
                <SequencePoint vc="1" upsid="82" ordinal="3" sl="82" sc="1" el="82" ec="2" bec="0" bev="0" fileid="47" />
                <SequencePoint vc="1" upsid="83" ordinal="4" sl="83" sc="1" el="83" ec="2" bec="0" bev="0" fileid="47" />
                <SequencePoint vc="1" upsid="84" ordinal="5" sl="84" sc="1" el="84" ec="2" bec="0" bev="0" fileid="47" />
                <SequencePoint vc="0" upsid="85" ordinal="6" sl="85" sc="1" el="85" ec="2" bec="0" bev="0" fileid="47" />
                <SequencePoint vc="0" upsid="86" ordinal="7" sl="86" sc="1" el="86" ec="2" bec="0" bev="0" fileid="47" />
                <SequencePoint vc="0" upsid="87" ordinal="8" sl="87" sc="1" el="87" ec="2" bec="0" bev="0" fileid="47" />
                <SequencePoint vc="0" upsid="88" ordinal="9" sl="88" sc="1" el="88" ec="2" bec="0" bev="0" fileid="47" />
                <SequencePoint vc="0" upsid="89" ordinal="10" sl="89" sc="1" el="89" ec="2" bec="0" bev="0" fileid="47" />
                <SequencePoint vc="0" upsid="90" ordinal="11" sl="90" sc="1" el="90" ec="2" bec="0" bev="0" fileid="47" />
                <SequencePoint vc="0" upsid="92" ordinal="12" sl="92" sc="1" el="92" ec="2" bec="0" bev="0" fileid="47" />
                <SequencePoint vc="1" upsid="93" ordinal="13" sl="93" sc="1" el="93" ec="2" bec="0" bev="0" fileid="47" />
              </SequencePoints>
              <BranchPoints>
                <BranchPoint vc="1" upsid="83" ordinal="0" path="0" offset="34" offsetend="36" sl="83" fileid="47" />
                <BranchPoint vc="0" upsid="83" ordinal="1" path="1" offset="34" offsetend="72" sl="83" fileid="47" />
                <BranchPoint vc="0" upsid="85" ordinal="3" path="1" offset="88" offsetend="46" sl="85" fileid="47" />
                <BranchPoint vc="0" upsid="85" ordinal="2" path="0" offset="88" offsetend="90" sl="85" fileid="47" />
              </BranchPoints>
              <MethodPoint vc="7" upsid="0" p8:type="SequencePoint" ordinal="4" offset="4" sc="0" sl="78" ec="1" el="93" bec="0" bev="0" fileid="47" xmlns:p8="xsi" />
            </Method>
            <Method cyclomaticComplexity="0" nPathComplexity="0" sequenceCoverage="1" branchCoverage="1" isConstructor="False" isGetter="False" isSetter="False" isStatic="True">
              <Summary numSequencePoints="20" visitedSequencePoints="20" numBranchPoints="20" visitedBranchPoints="20" sequenceCoverage="1" branchCoverage="1" maxCyclomaticComplexity="0" minCyclomaticComplexity="0" visitedClasses="0" numClasses="0" visitedMethods="1" numMethods="1" />
              <MetadataToken />
              <Name>System.Void Player.Common.Dijkstra::FillVertices(System.Collections.Generic.List`1&lt;System.Int32&gt;)</Name>
              <FileRef uid="47" />
              <SequencePoints>
                <SequencePoint vc="1" upsid="97" ordinal="0" sl="97" sc="1" el="97" ec="2" bec="0" bev="0" fileid="47" />
                <SequencePoint vc="1" upsid="98" ordinal="1" sl="98" sc="1" el="98" ec="2" bec="0" bev="0" fileid="47" />
                <SequencePoint vc="1" upsid="99" ordinal="2" sl="99" sc="1" el="99" ec="2" bec="0" bev="0" fileid="47" />
                <SequencePoint vc="218" upsid="114" ordinal="3" sl="114" sc="1" el="114" ec="2" bec="0" bev="0" fileid="47" />
                <SequencePoint vc="108" upsid="115" ordinal="4" sl="115" sc="1" el="115" ec="2" bec="0" bev="0" fileid="47" />
                <SequencePoint vc="108" upsid="116" ordinal="5" sl="116" sc="1" el="116" ec="2" bec="0" bev="0" fileid="47" />
                <SequencePoint vc="77" upsid="117" ordinal="6" sl="117" sc="1" el="117" ec="2" bec="0" bev="0" fileid="47" />
                <SequencePoint vc="77" upsid="118" ordinal="7" sl="118" sc="1" el="118" ec="2" bec="0" bev="0" fileid="47" />
                <SequencePoint vc="64" upsid="119" ordinal="8" sl="119" sc="1" el="119" ec="2" bec="0" bev="0" fileid="47" />
                <SequencePoint vc="77" upsid="120" ordinal="9" sl="120" sc="1" el="120" ec="2" bec="0" bev="0" fileid="47" />
                <SequencePoint vc="64" upsid="121" ordinal="10" sl="121" sc="1" el="121" ec="2" bec="0" bev="0" fileid="47" />
                <SequencePoint vc="77" upsid="122" ordinal="11" sl="122" sc="1" el="122" ec="2" bec="0" bev="0" fileid="47" />
                <SequencePoint vc="62" upsid="123" ordinal="12" sl="123" sc="1" el="123" ec="2" bec="0" bev="0" fileid="47" />
                <SequencePoint vc="77" upsid="124" ordinal="13" sl="124" sc="1" el="124" ec="2" bec="0" bev="0" fileid="47" />
                <SequencePoint vc="62" upsid="125" ordinal="14" sl="125" sc="1" el="125" ec="2" bec="0" bev="0" fileid="47" />
                <SequencePoint vc="77" upsid="127" ordinal="15" sl="127" sc="1" el="127" ec="2" bec="0" bev="0" fileid="47" />
                <SequencePoint vc="77" upsid="129" ordinal="16" sl="129" sc="1" el="129" ec="2" bec="0" bev="0" fileid="47" />
                <SequencePoint vc="77" upsid="130" ordinal="17" sl="130" sc="1" el="130" ec="2" bec="0" bev="0" fileid="47" />
                <SequencePoint vc="108" upsid="131" ordinal="18" sl="131" sc="1" el="131" ec="2" bec="0" bev="0" fileid="47" />
                <SequencePoint vc="1" upsid="132" ordinal="19" sl="132" sc="1" el="132" ec="2" bec="0" bev="0" fileid="47" />
              </SequencePoints>
              <BranchPoints>
                <BranchPoint vc="2147483647" upsid="114" ordinal="19" path="1" offset="435" offsetend="27" sl="114" fileid="47" />
                <BranchPoint vc="1" upsid="114" ordinal="18" path="0" offset="435" offsetend="440" sl="114" fileid="47" />
                <BranchPoint vc="2147483647" upsid="116" ordinal="0" path="0" offset="45" offsetend="50" sl="116" fileid="47" />
                <BranchPoint vc="2147483647" upsid="116" ordinal="1" path="1" offset="45" offsetend="407" sl="116" fileid="47" />
                <BranchPoint vc="2147483647" upsid="118" ordinal="2" path="0" offset="70" offsetend="72" sl="118" fileid="47" />
                <BranchPoint vc="63" upsid="118" ordinal="3" path="1" offset="70" offsetend="106" sl="118" fileid="47" />
                <BranchPoint vc="2147483647" upsid="118" ordinal="4" path="0" offset="109" offsetend="111" sl="118" fileid="47" />
                <BranchPoint vc="2147483647" upsid="118" ordinal="5" path="1" offset="109" offsetend="136" sl="118" fileid="47" />
                <BranchPoint vc="2147483647" upsid="120" ordinal="6" path="0" offset="204" offsetend="206" sl="120" fileid="47" />
                <BranchPoint vc="63" upsid="120" ordinal="7" path="1" offset="204" offsetend="240" sl="120" fileid="47" />
                <BranchPoint vc="2147483647" upsid="120" ordinal="8" path="0" offset="245" offsetend="247" sl="120" fileid="47" />
                <BranchPoint vc="2147483647" upsid="120" ordinal="9" path="1" offset="245" offsetend="272" sl="120" fileid="47" />
                <BranchPoint vc="2147483647" upsid="122" ordinal="10" path="0" offset="290" offsetend="292" sl="122" fileid="47" />
                <BranchPoint vc="8191" upsid="122" ordinal="11" path="1" offset="290" offsetend="311" sl="122" fileid="47" />
                <BranchPoint vc="2147483647" upsid="122" ordinal="12" path="0" offset="316" offsetend="318" sl="122" fileid="47" />
                <BranchPoint vc="2147483647" upsid="122" ordinal="13" path="1" offset="316" offsetend="328" sl="122" fileid="47" />
                <BranchPoint vc="2147483647" upsid="124" ordinal="14" path="0" offset="348" offsetend="350" sl="124" fileid="47" />
                <BranchPoint vc="8191" upsid="124" ordinal="15" path="1" offset="348" offsetend="369" sl="124" fileid="47" />
                <BranchPoint vc="2147483647" upsid="124" ordinal="16" path="0" offset="374" offsetend="376" sl="124" fileid="47" />
                <BranchPoint vc="2147483647" upsid="124" ordinal="17" path="1" offset="374" offsetend="386" sl="124" fileid="47" />
              </BranchPoints>
              <MethodPoint vc="20" upsid="0" p8:type="SequencePoint" ordinal="5" offset="5" sc="0" sl="97" ec="1" el="132" bec="0" bev="0" fileid="47" xmlns:p8="xsi" />
            </Method>
            <Method cyclomaticComplexity="0" nPathComplexity="0" sequenceCoverage="1" branchCoverage="0.833" isConstructor="False" isGetter="False" isSetter="False" isStatic="True">
              <Summary numSequencePoints="14" visitedSequencePoints="14" numBranchPoints="6" visitedBranchPoints="5" sequenceCoverage="1" branchCoverage="0.833" maxCyclomaticComplexity="0" minCyclomaticComplexity="0" visitedClasses="0" numClasses="0" visitedMethods="1" numMethods="1" />
              <MetadataToken />
              <Name>System.Int32 Player.Common.Dijkstra::VertexWithSmallestDistance()</Name>
              <FileRef uid="47" />
              <SequencePoints>
                <SequencePoint vc="77" upsid="135" ordinal="0" sl="135" sc="1" el="135" ec="2" bec="0" bev="0" fileid="47" />
                <SequencePoint vc="77" upsid="136" ordinal="1" sl="136" sc="1" el="136" ec="2" bec="0" bev="0" fileid="47" />
                <SequencePoint vc="77" upsid="137" ordinal="2" sl="137" sc="1" el="137" ec="2" bec="0" bev="0" fileid="47" />
                <SequencePoint vc="6160" upsid="138" ordinal="3" sl="138" sc="1" el="138" ec="2" bec="0" bev="0" fileid="47" />
                <SequencePoint vc="3003" upsid="139" ordinal="4" sl="139" sc="1" el="139" ec="2" bec="0" bev="0" fileid="47" />
                <SequencePoint vc="3003" upsid="140" ordinal="5" sl="140" sc="1" el="140" ec="2" bec="0" bev="0" fileid="47" />
                <SequencePoint vc="3003" upsid="142" ordinal="6" sl="142" sc="1" el="142" ec="2" bec="0" bev="0" fileid="47" />
                <SequencePoint vc="156" upsid="143" ordinal="7" sl="143" sc="1" el="143" ec="2" bec="0" bev="0" fileid="47" />
                <SequencePoint vc="156" upsid="144" ordinal="8" sl="144" sc="1" el="144" ec="2" bec="0" bev="0" fileid="47" />
                <SequencePoint vc="156" upsid="145" ordinal="9" sl="145" sc="1" el="145" ec="2" bec="0" bev="0" fileid="47" />
                <SequencePoint vc="156" upsid="146" ordinal="10" sl="146" sc="1" el="146" ec="2" bec="0" bev="0" fileid="47" />
                <SequencePoint vc="3003" upsid="148" ordinal="11" sl="148" sc="1" el="148" ec="2" bec="0" bev="0" fileid="47" />
                <SequencePoint vc="77" upsid="149" ordinal="12" sl="149" sc="1" el="149" ec="2" bec="0" bev="0" fileid="47" />
                <SequencePoint vc="77" upsid="150" ordinal="13" sl="150" sc="1" el="150" ec="2" bec="0" bev="0" fileid="47" />
              </SequencePoints>
              <BranchPoints>
                <BranchPoint vc="2147483647" upsid="138" ordinal="5" path="1" offset="103" offsetend="13" sl="138" fileid="47" />
                <BranchPoint vc="2147483647" upsid="138" ordinal="4" path="0" offset="103" offsetend="105" sl="138" fileid="47" />
                <BranchPoint vc="2147483647" upsid="142" ordinal="0" path="0" offset="45" offsetend="47" sl="142" fileid="47" />
                <BranchPoint vc="0" upsid="142" ordinal="1" path="1" offset="45" offsetend="60" sl="142" fileid="47" />
                <BranchPoint vc="2147483647" upsid="142" ordinal="2" path="0" offset="65" offsetend="67" sl="142" fileid="47" />
                <BranchPoint vc="2147483647" upsid="142" ordinal="3" path="1" offset="65" offsetend="80" sl="142" fileid="47" />
              </BranchPoints>
              <MethodPoint vc="14" upsid="0" p8:type="SequencePoint" ordinal="6" offset="6" sc="0" sl="135" ec="1" el="150" bec="0" bev="0" fileid="47" xmlns:p8="xsi" />
            </Method>
          </Methods>
        </Class>
      </Classes>
    </Module>
  </Modules>
</CoverageSession>